09-21 15:23:17 com_github_MitjaNemec_ReplicateLayout.action_replicate_layout 409:Plugin executed on: 'darwin'
09-21 15:23:17 com_github_MitjaNemec_ReplicateLayout.action_replicate_layout 410:Plugin executed with python version: '3.9.13 (v3.9.13:6de2ca5339, May 17 2022, 11:37:23) \n[Clang 13.0.0 (clang-1300.0.29.30)]'
09-21 15:23:17 com_github_MitjaNemec_ReplicateLayout.action_replicate_layout 411:KiCad build version: 9.0.4
09-21 15:23:17 com_github_MitjaNemec_ReplicateLayout.action_replicate_layout 412:Plugin version: 4.0.3
09-21 15:23:17 com_github_MitjaNemec_ReplicateLayout.action_replicate_layout 413:Frame repr: <wx._core.Frame object at 0x144084b80>
09-21 15:23:17 com_github_MitjaNemec_ReplicateLayout.action_replicate_layout 437:Preparing replicator with U11 as a reference
09-21 15:23:17 com_github_MitjaNemec_ReplicateLayout.replicate_layout 117:getting a list of all footprints on board
09-21 15:23:17 com_github_MitjaNemec_ReplicateLayout.action_replicate_layout 485:source anchor footprint is 'U11'
Located on: ['/TwoIsolatedFETs1/', '/TwoIsolatedFETs0/HBridge_A/']
With filenames: ['TwoIsolatedFETs.kicad_sch', 'hbridge.kicad_sch']
With sheet_id:['/TwoIsolatedFETs1/', '/TwoIsolatedFETs0/HBridge_A/']
09-21 15:23:17 com_github_MitjaNemec_ReplicateLayout.action_replicate_layout 492:Corresponding footprints are 
[('U21', ['/TwoIsolatedFETs0/', '/TwoIsolatedFETs1/HBridge_B/']), ('U20', ['/TwoIsolatedFETs0/', '/TwoIsolatedFETs0/HBridge_A/']), ('U12', ['/TwoIsolatedFETs1/', '/TwoIsolatedFETs1/HBridge_B/']), ('U11', ['/TwoIsolatedFETs1/', '/TwoIsolatedFETs0/HBridge_A/'])]
09-21 15:23:17 com_github_MitjaNemec_ReplicateLayout.action_replicate_layout 504:Showing dialog
09-21 15:23:17 com_github_MitjaNemec_ReplicateLayout.replicate_layout 472:constructing a list of sheets suitable for replication on level:'/TwoIsolatedFETs0/HBridge_A/', file:'hbridge.kicad_sch'
09-21 15:23:17 com_github_MitjaNemec_ReplicateLayout.replicate_layout 509:suitable sheets are:[['/TwoIsolatedFETs0/', '/TwoIsolatedFETs0/HBridge_A/'], ['/TwoIsolatedFETs0/', '/TwoIsolatedFETs1/HBridge_B/'], ['/TwoIsolatedFETs1/', '/TwoIsolatedFETs1/HBridge_B/']]
09-21 15:23:17 com_github_MitjaNemec_ReplicateLayout.replicate_layout 1512:Level selected: ['/TwoIsolatedFETs1/', '/TwoIsolatedFETs0/HBridge_A/']
09-21 15:23:17 com_github_MitjaNemec_ReplicateLayout.replicate_layout 1336:Filtering list of tracks
09-21 15:23:17 com_github_MitjaNemec_ReplicateLayout.action_replicate_layout 510:Toolbar position: wx.Point(694, 107)
09-21 15:23:17 com_github_MitjaNemec_ReplicateLayout.action_replicate_layout 515:Dialog position: wx.Point(255, 107)
09-21 15:23:20 com_github_MitjaNemec_ReplicateLayout.replicate_layout 472:constructing a list of sheets suitable for replication on level:'/TwoIsolatedFETs0/HBridge_A/', file:'hbridge.kicad_sch'
09-21 15:23:20 com_github_MitjaNemec_ReplicateLayout.replicate_layout 509:suitable sheets are:[['/TwoIsolatedFETs0/', '/TwoIsolatedFETs0/HBridge_A/'], ['/TwoIsolatedFETs0/', '/TwoIsolatedFETs1/HBridge_B/'], ['/TwoIsolatedFETs1/', '/TwoIsolatedFETs1/HBridge_B/']]
09-21 15:23:20 com_github_MitjaNemec_ReplicateLayout.action_replicate_layout 248:Replicating layout
09-21 15:23:20 com_github_MitjaNemec_ReplicateLayout.replicate_layout 288:Starting replication of sheets: [['/TwoIsolatedFETs0/', '/TwoIsolatedFETs0/HBridge_A/'], ['/TwoIsolatedFETs0/', '/TwoIsolatedFETs1/HBridge_B/'], ['/TwoIsolatedFETs1/', '/TwoIsolatedFETs1/HBridge_B/']]
on level: ['/TwoIsolatedFETs1/', '/TwoIsolatedFETs0/HBridge_A/']
with tracks=True, zone=True, text=True, text=True, intersecting=False, remove=False, locked footprints=False, group_only=False
09-21 15:23:20 root 340:updating GUI message: 'Preparing for replication'
09-21 15:23:20 root 345:updating GUI with: 0
09-21 15:23:20 com_github_MitjaNemec_ReplicateLayout.replicate_layout 358:Getting the list of source footprints
09-21 15:23:20 root 345:updating GUI with: 0
09-21 15:23:20 com_github_MitjaNemec_ReplicateLayout.replicate_layout 368:Getting the list of all the remaining footprints
09-21 15:23:20 com_github_MitjaNemec_ReplicateLayout.replicate_layout 375:Getting source tracks
09-21 15:23:20 com_github_MitjaNemec_ReplicateLayout.replicate_layout 1336:Filtering list of tracks
09-21 15:23:20 com_github_MitjaNemec_ReplicateLayout.replicate_layout 379:Getting source zones
09-21 15:23:20 com_github_MitjaNemec_ReplicateLayout.replicate_layout 383:Getting source text items
09-21 15:23:20 com_github_MitjaNemec_ReplicateLayout.replicate_layout 387:Getting source drawing items
09-21 15:23:20 root 340:updating GUI message: 'Replicating footprints'
09-21 15:23:20 com_github_MitjaNemec_ReplicateLayout.replicate_layout 863:Replicating footprints
09-21 15:23:20 root 345:updating GUI with: 0
09-21 15:23:20 com_github_MitjaNemec_ReplicateLayout.replicate_layout 870:Replicating footprints on sheet ['/TwoIsolatedFETs0/', '/TwoIsolatedFETs0/HBridge_A/']
09-21 15:23:20 com_github_MitjaNemec_ReplicateLayout.replicate_layout 835:Src fp.id: '06273584-2E07-44EE-9E55-15B43BC1867C'
09-21 15:23:20 com_github_MitjaNemec_ReplicateLayout.replicate_layout 839:Dst fp.id: '06273584-2E07-44EE-9E55-15B43BC1867C'
09-21 15:23:20 com_github_MitjaNemec_ReplicateLayout.replicate_layout 888:Replicating footprint: 'D6'
09-21 15:23:20 com_github_MitjaNemec_ReplicateLayout.replicate_layout 835:Src fp.id: 'DC818B8F-DB31-484A-BF6C-57FCBD88EC72'
09-21 15:23:20 com_github_MitjaNemec_ReplicateLayout.replicate_layout 839:Dst fp.id: 'DC818B8F-DB31-484A-BF6C-57FCBD88EC72'
09-21 15:23:20 com_github_MitjaNemec_ReplicateLayout.replicate_layout 895:found match in dst footprint: 'D14'
09-21 15:23:20 com_github_MitjaNemec_ReplicateLayout.replicate_layout 990:Src text UUid:060d3fae-767c-4c24-9861-63694c3c689e
09-21 15:23:20 com_github_MitjaNemec_ReplicateLayout.replicate_layout 991:Dst text UUid:a80be22f-024a-4882-a3ae-6dac16502945
09-21 15:23:20 com_github_MitjaNemec_ReplicateLayout.replicate_layout 990:Src text UUid:9a6c184c-dbd0-46c2-aef0-bced29053239
09-21 15:23:20 com_github_MitjaNemec_ReplicateLayout.replicate_layout 991:Dst text UUid:7b0114b6-baa0-4b7a-8777-e386e84c1bc3
09-21 15:23:20 com_github_MitjaNemec_ReplicateLayout.replicate_layout 990:Src text UUid:b8a6a8e8-8a26-47fb-b74f-d3cfd5f9db35
09-21 15:23:20 com_github_MitjaNemec_ReplicateLayout.replicate_layout 991:Dst text UUid:470a4133-d83b-451e-b33a-af3aae5817c6
09-21 15:23:20 com_github_MitjaNemec_ReplicateLayout.replicate_layout 888:Replicating footprint: 'U11'
09-21 15:23:20 com_github_MitjaNemec_ReplicateLayout.replicate_layout 835:Src fp.id: '06273584-2E07-44EE-9E55-15B43BC1867C'
09-21 15:23:20 com_github_MitjaNemec_ReplicateLayout.replicate_layout 839:Dst fp.id: '06273584-2E07-44EE-9E55-15B43BC1867C'
09-21 15:23:20 com_github_MitjaNemec_ReplicateLayout.replicate_layout 895:found match in dst footprint: 'U20'
09-21 15:23:20 com_github_MitjaNemec_ReplicateLayout.replicate_layout 990:Src text UUid:24809e0e-570f-4f64-b8d2-2ca8b30da2d9
09-21 15:23:20 com_github_MitjaNemec_ReplicateLayout.replicate_layout 991:Dst text UUid:dd8ac700-3a1d-407a-85ff-e37096f02b79
09-21 15:23:20 com_github_MitjaNemec_ReplicateLayout.replicate_layout 990:Src text UUid:c3a82bf0-883e-4df4-893b-5c6c820ed21d
09-21 15:23:20 com_github_MitjaNemec_ReplicateLayout.replicate_layout 991:Dst text UUid:8587867b-eda7-4239-a1f8-ceb53448874f
09-21 15:23:20 com_github_MitjaNemec_ReplicateLayout.replicate_layout 990:Src text UUid:6d6f1482-6c1f-4a2a-a141-7d3fd0fc707c
09-21 15:23:20 com_github_MitjaNemec_ReplicateLayout.replicate_layout 991:Dst text UUid:e666163e-6075-4f74-a123-9c3d2da8cda2
09-21 15:23:20 com_github_MitjaNemec_ReplicateLayout.replicate_layout 990:Src text UUid:9f93f48c-677e-4895-ad1b-8baad29d412e
09-21 15:23:20 com_github_MitjaNemec_ReplicateLayout.replicate_layout 991:Dst text UUid:90b8bd6e-865d-407f-83db-c29e463b37b7
09-21 15:23:20 com_github_MitjaNemec_ReplicateLayout.replicate_layout 990:Src text UUid:8941ede0-c92c-4aea-84bf-fa0842641ed7
09-21 15:23:20 com_github_MitjaNemec_ReplicateLayout.replicate_layout 991:Dst text UUid:f25e5c52-189d-4174-9178-d2233aae3f4d
09-21 15:23:20 com_github_MitjaNemec_ReplicateLayout.replicate_layout 990:Src text UUid:2a111577-b546-442d-bf62-88443dd2654c
09-21 15:23:20 com_github_MitjaNemec_ReplicateLayout.replicate_layout 991:Dst text UUid:b56e5608-d72c-482e-b629-26d7fcc0c2a7
09-21 15:23:20 com_github_MitjaNemec_ReplicateLayout.replicate_layout 990:Src text UUid:bae313ba-cb5e-4a68-8697-ac620bae6391
09-21 15:23:20 com_github_MitjaNemec_ReplicateLayout.replicate_layout 991:Dst text UUid:9ea887bc-e514-42d2-8a61-d7bd64a9b489
09-21 15:23:20 com_github_MitjaNemec_ReplicateLayout.replicate_layout 888:Replicating footprint: 'C39'
09-21 15:23:20 com_github_MitjaNemec_ReplicateLayout.replicate_layout 835:Src fp.id: 'B2CC6598-ED49-44A2-A040-98B9418469C6'
09-21 15:23:20 com_github_MitjaNemec_ReplicateLayout.replicate_layout 839:Dst fp.id: 'B2CC6598-ED49-44A2-A040-98B9418469C6'
09-21 15:23:20 com_github_MitjaNemec_ReplicateLayout.replicate_layout 895:found match in dst footprint: 'C79'
09-21 15:23:20 com_github_MitjaNemec_ReplicateLayout.replicate_layout 990:Src text UUid:f7934c0e-62dd-4185-8a82-8ea54858fd6b
09-21 15:23:20 com_github_MitjaNemec_ReplicateLayout.replicate_layout 991:Dst text UUid:cc274d5c-c08f-4e15-9581-7c2eab9abd46
09-21 15:23:20 com_github_MitjaNemec_ReplicateLayout.replicate_layout 990:Src text UUid:f6715954-db00-4d42-aaf3-5b545c246400
09-21 15:23:20 com_github_MitjaNemec_ReplicateLayout.replicate_layout 991:Dst text UUid:e9dcb9f5-8067-47a0-997c-2ed1873e6b2e
09-21 15:23:20 com_github_MitjaNemec_ReplicateLayout.replicate_layout 990:Src text UUid:96679f63-d4e6-4b9d-bdc9-fbc3fe24ad5c
09-21 15:23:20 com_github_MitjaNemec_ReplicateLayout.replicate_layout 991:Dst text UUid:259114ac-dc56-457f-b11e-4c915ae31b92
09-21 15:23:20 com_github_MitjaNemec_ReplicateLayout.replicate_layout 888:Replicating footprint: 'C36'
09-21 15:23:20 com_github_MitjaNemec_ReplicateLayout.replicate_layout 835:Src fp.id: 'D0A3D36B-643D-427A-9242-EAF77870E06D'
09-21 15:23:20 com_github_MitjaNemec_ReplicateLayout.replicate_layout 839:Dst fp.id: 'D0A3D36B-643D-427A-9242-EAF77870E06D'
09-21 15:23:20 com_github_MitjaNemec_ReplicateLayout.replicate_layout 895:found match in dst footprint: 'C76'
09-21 15:23:20 com_github_MitjaNemec_ReplicateLayout.replicate_layout 990:Src text UUid:8b720624-ed91-4898-8dde-26d4f19a3fa0
09-21 15:23:20 com_github_MitjaNemec_ReplicateLayout.replicate_layout 991:Dst text UUid:86e70654-485f-4d16-b769-719540f7f5bd
09-21 15:23:20 com_github_MitjaNemec_ReplicateLayout.replicate_layout 990:Src text UUid:a12b7170-f07f-43dd-b49e-6c2a33337c0c
09-21 15:23:20 com_github_MitjaNemec_ReplicateLayout.replicate_layout 991:Dst text UUid:c28f898b-d42e-4112-bcac-27fd25938805
09-21 15:23:20 com_github_MitjaNemec_ReplicateLayout.replicate_layout 990:Src text UUid:29141b30-ba09-4157-9fe8-c2309552b58c
09-21 15:23:20 com_github_MitjaNemec_ReplicateLayout.replicate_layout 991:Dst text UUid:d70f44b0-63d3-48d9-9b54-da682145fd7b
09-21 15:23:20 com_github_MitjaNemec_ReplicateLayout.replicate_layout 888:Replicating footprint: 'C34'
09-21 15:23:20 com_github_MitjaNemec_ReplicateLayout.replicate_layout 835:Src fp.id: '3EE4BB1E-791E-4BB9-A303-A69F87470BB4'
09-21 15:23:20 com_github_MitjaNemec_ReplicateLayout.replicate_layout 839:Dst fp.id: '3EE4BB1E-791E-4BB9-A303-A69F87470BB4'
09-21 15:23:20 com_github_MitjaNemec_ReplicateLayout.replicate_layout 895:found match in dst footprint: 'C74'
09-21 15:23:20 com_github_MitjaNemec_ReplicateLayout.replicate_layout 990:Src text UUid:9bb6a33a-807b-4aa5-8c9c-f985743f82b2
09-21 15:23:20 com_github_MitjaNemec_ReplicateLayout.replicate_layout 991:Dst text UUid:83cf88c4-c29c-48bd-83d3-57244ad97db4
09-21 15:23:20 com_github_MitjaNemec_ReplicateLayout.replicate_layout 990:Src text UUid:ea43b8b5-e318-4eea-b300-eac7ece9d870
09-21 15:23:20 com_github_MitjaNemec_ReplicateLayout.replicate_layout 991:Dst text UUid:11733d06-0c91-4fcd-a547-5e00c01595ad
09-21 15:23:20 com_github_MitjaNemec_ReplicateLayout.replicate_layout 990:Src text UUid:821ccfe3-7bf1-4404-81ad-041247e27f5f
09-21 15:23:20 com_github_MitjaNemec_ReplicateLayout.replicate_layout 991:Dst text UUid:06325794-4437-40bc-990b-66f41c77058d
09-21 15:23:20 com_github_MitjaNemec_ReplicateLayout.replicate_layout 888:Replicating footprint: 'C35'
09-21 15:23:20 com_github_MitjaNemec_ReplicateLayout.replicate_layout 835:Src fp.id: 'AA9B538A-91DF-4804-AF6C-80D68146A515'
09-21 15:23:20 com_github_MitjaNemec_ReplicateLayout.replicate_layout 839:Dst fp.id: 'AA9B538A-91DF-4804-AF6C-80D68146A515'
09-21 15:23:20 com_github_MitjaNemec_ReplicateLayout.replicate_layout 895:found match in dst footprint: 'C75'
09-21 15:23:20 com_github_MitjaNemec_ReplicateLayout.replicate_layout 990:Src text UUid:c3962c2b-821a-453b-a0ba-0ceb5edf5352
09-21 15:23:20 com_github_MitjaNemec_ReplicateLayout.replicate_layout 991:Dst text UUid:2a272cfa-3247-4dd6-befa-7f1aaf16a1c6
09-21 15:23:20 com_github_MitjaNemec_ReplicateLayout.replicate_layout 990:Src text UUid:7b0ccb28-4e54-4cb9-af69-c70d8036f9c7
09-21 15:23:20 com_github_MitjaNemec_ReplicateLayout.replicate_layout 991:Dst text UUid:83700e89-65cf-408a-b6ee-a9589c2d0dd4
09-21 15:23:20 com_github_MitjaNemec_ReplicateLayout.replicate_layout 990:Src text UUid:b8b32d51-5acf-420e-b199-170506780687
09-21 15:23:20 com_github_MitjaNemec_ReplicateLayout.replicate_layout 991:Dst text UUid:65e803a8-9038-42d8-a31b-ccd495436246
09-21 15:23:20 com_github_MitjaNemec_ReplicateLayout.replicate_layout 888:Replicating footprint: 'C38'
09-21 15:23:20 com_github_MitjaNemec_ReplicateLayout.replicate_layout 835:Src fp.id: '16D82683-FA2C-4DC0-BF1D-2A1BEFB619A4'
09-21 15:23:20 com_github_MitjaNemec_ReplicateLayout.replicate_layout 839:Dst fp.id: '16D82683-FA2C-4DC0-BF1D-2A1BEFB619A4'
09-21 15:23:20 com_github_MitjaNemec_ReplicateLayout.replicate_layout 895:found match in dst footprint: 'C78'
09-21 15:23:20 com_github_MitjaNemec_ReplicateLayout.replicate_layout 990:Src text UUid:4a3a09b2-94f6-49d6-b7b5-6c615f25386b
09-21 15:23:20 com_github_MitjaNemec_ReplicateLayout.replicate_layout 991:Dst text UUid:2551d0f9-459f-4f8a-8ee2-b785276413d2
09-21 15:23:20 com_github_MitjaNemec_ReplicateLayout.replicate_layout 990:Src text UUid:2275143b-5a4d-4c65-81fc-3baa96e93d3e
09-21 15:23:20 com_github_MitjaNemec_ReplicateLayout.replicate_layout 991:Dst text UUid:d4eac55c-51d7-427c-854b-cfae55d22408
09-21 15:23:20 com_github_MitjaNemec_ReplicateLayout.replicate_layout 990:Src text UUid:5b6401ee-fe34-4db6-9b0f-682a9be6c9a9
09-21 15:23:20 com_github_MitjaNemec_ReplicateLayout.replicate_layout 991:Dst text UUid:7f46ce2d-2b55-4abc-8bf7-9faa11bf112a
09-21 15:23:20 com_github_MitjaNemec_ReplicateLayout.replicate_layout 888:Replicating footprint: 'R12'
09-21 15:23:20 com_github_MitjaNemec_ReplicateLayout.replicate_layout 835:Src fp.id: '739E778E-A7C6-4F7A-B1EB-CD321F618771'
09-21 15:23:20 com_github_MitjaNemec_ReplicateLayout.replicate_layout 839:Dst fp.id: '739E778E-A7C6-4F7A-B1EB-CD321F618771'
09-21 15:23:20 com_github_MitjaNemec_ReplicateLayout.replicate_layout 895:found match in dst footprint: 'R41'
09-21 15:23:20 com_github_MitjaNemec_ReplicateLayout.replicate_layout 990:Src text UUid:828977af-c72a-4933-bc4a-3568eddfd55d
09-21 15:23:20 com_github_MitjaNemec_ReplicateLayout.replicate_layout 991:Dst text UUid:0c5ceb8c-e4c5-4d2f-a891-ba02246beccf
09-21 15:23:20 com_github_MitjaNemec_ReplicateLayout.replicate_layout 990:Src text UUid:e1c36897-c6ec-4655-aa4d-2d077694095d
09-21 15:23:20 com_github_MitjaNemec_ReplicateLayout.replicate_layout 991:Dst text UUid:576390c2-301c-4fb1-8530-6058f91a2a20
09-21 15:23:20 com_github_MitjaNemec_ReplicateLayout.replicate_layout 990:Src text UUid:04a11a24-ec79-4f19-a8be-e910e541b300
09-21 15:23:20 com_github_MitjaNemec_ReplicateLayout.replicate_layout 991:Dst text UUid:13dd0694-8331-409d-be01-9bd2748594b0
09-21 15:23:20 com_github_MitjaNemec_ReplicateLayout.replicate_layout 888:Replicating footprint: 'R13'
09-21 15:23:20 com_github_MitjaNemec_ReplicateLayout.replicate_layout 835:Src fp.id: '40969C7A-69A8-4FE1-B319-C8DC8934FCC6'
09-21 15:23:20 com_github_MitjaNemec_ReplicateLayout.replicate_layout 839:Dst fp.id: '40969C7A-69A8-4FE1-B319-C8DC8934FCC6'
09-21 15:23:20 com_github_MitjaNemec_ReplicateLayout.replicate_layout 895:found match in dst footprint: 'R42'
09-21 15:23:20 com_github_MitjaNemec_ReplicateLayout.replicate_layout 990:Src text UUid:587d4b76-f637-42a0-b9e1-83ddbb472d2e
09-21 15:23:20 com_github_MitjaNemec_ReplicateLayout.replicate_layout 991:Dst text UUid:95bdc133-d971-434d-a1b8-de2cfc9733e2
09-21 15:23:20 com_github_MitjaNemec_ReplicateLayout.replicate_layout 990:Src text UUid:9a70d330-692d-4c20-b23b-b59a045b8f23
09-21 15:23:20 com_github_MitjaNemec_ReplicateLayout.replicate_layout 991:Dst text UUid:19c37196-0357-4776-bcab-9df17c75d389
09-21 15:23:20 com_github_MitjaNemec_ReplicateLayout.replicate_layout 990:Src text UUid:9a87b47f-02db-4423-9784-0ae87a9947ed
09-21 15:23:20 com_github_MitjaNemec_ReplicateLayout.replicate_layout 991:Dst text UUid:41acdf20-f114-49af-8b2e-71eac51b3206
09-21 15:23:20 com_github_MitjaNemec_ReplicateLayout.replicate_layout 888:Replicating footprint: 'R14'
09-21 15:23:20 com_github_MitjaNemec_ReplicateLayout.replicate_layout 835:Src fp.id: '0EA5E84E-41C5-4F41-B10D-CC62C7E679AE'
09-21 15:23:20 com_github_MitjaNemec_ReplicateLayout.replicate_layout 839:Dst fp.id: '0EA5E84E-41C5-4F41-B10D-CC62C7E679AE'
09-21 15:23:20 com_github_MitjaNemec_ReplicateLayout.replicate_layout 895:found match in dst footprint: 'R43'
09-21 15:23:20 com_github_MitjaNemec_ReplicateLayout.replicate_layout 990:Src text UUid:9ff88b02-d287-43c3-8031-cfb5d453c9be
09-21 15:23:20 com_github_MitjaNemec_ReplicateLayout.replicate_layout 991:Dst text UUid:d0094ffc-52d2-40b1-9ae8-345978f0fa91
09-21 15:23:20 com_github_MitjaNemec_ReplicateLayout.replicate_layout 990:Src text UUid:e381065a-8213-4704-b9c0-17544d909a1d
09-21 15:23:20 com_github_MitjaNemec_ReplicateLayout.replicate_layout 991:Dst text UUid:6c226535-4039-450e-92db-2a3a9a79921d
09-21 15:23:20 com_github_MitjaNemec_ReplicateLayout.replicate_layout 990:Src text UUid:103e21fd-bc6e-46d8-b1c7-51df7989a11a
09-21 15:23:20 com_github_MitjaNemec_ReplicateLayout.replicate_layout 991:Dst text UUid:e2f084b4-702f-41b7-a2db-2161af75c388
09-21 15:23:20 com_github_MitjaNemec_ReplicateLayout.replicate_layout 888:Replicating footprint: 'TP1'
09-21 15:23:20 com_github_MitjaNemec_ReplicateLayout.replicate_layout 835:Src fp.id: '7753F5A6-A36B-4145-9459-873A1AFFD8C3'
09-21 15:23:20 com_github_MitjaNemec_ReplicateLayout.replicate_layout 839:Dst fp.id: '7753F5A6-A36B-4145-9459-873A1AFFD8C3'
09-21 15:23:20 com_github_MitjaNemec_ReplicateLayout.replicate_layout 895:found match in dst footprint: 'TP11'
09-21 15:23:20 com_github_MitjaNemec_ReplicateLayout.replicate_layout 990:Src text UUid:6ea43140-5b8b-44e8-812e-c1ecbdbe2010
09-21 15:23:20 com_github_MitjaNemec_ReplicateLayout.replicate_layout 991:Dst text UUid:9c897d92-1a1b-4076-8b34-9e0a2067f469
09-21 15:23:20 com_github_MitjaNemec_ReplicateLayout.replicate_layout 990:Src text UUid:1dc8b818-33e3-4d46-80e5-29f8761ec603
09-21 15:23:20 com_github_MitjaNemec_ReplicateLayout.replicate_layout 991:Dst text UUid:8b76d639-1d99-465d-bda8-61751d5cddbf
09-21 15:23:20 com_github_MitjaNemec_ReplicateLayout.replicate_layout 990:Src text UUid:7fd2ec15-f834-4c21-9113-aa894fae7fa4
09-21 15:23:20 com_github_MitjaNemec_ReplicateLayout.replicate_layout 991:Dst text UUid:da55e660-8df9-46a3-a550-203e584c79a7
09-21 15:23:20 com_github_MitjaNemec_ReplicateLayout.replicate_layout 888:Replicating footprint: 'TP2'
09-21 15:23:20 com_github_MitjaNemec_ReplicateLayout.replicate_layout 835:Src fp.id: '069B23DB-C388-4E3A-ADBD-1CF488370327'
09-21 15:23:20 com_github_MitjaNemec_ReplicateLayout.replicate_layout 839:Dst fp.id: '069B23DB-C388-4E3A-ADBD-1CF488370327'
09-21 15:23:20 com_github_MitjaNemec_ReplicateLayout.replicate_layout 895:found match in dst footprint: 'TP12'
09-21 15:23:20 com_github_MitjaNemec_ReplicateLayout.replicate_layout 990:Src text UUid:b4f3c6a0-b1d7-4916-868b-03ab0312f06b
09-21 15:23:20 com_github_MitjaNemec_ReplicateLayout.replicate_layout 991:Dst text UUid:59b72f58-1f4c-4adf-a8cf-02a0942839e6
09-21 15:23:20 com_github_MitjaNemec_ReplicateLayout.replicate_layout 990:Src text UUid:c076155b-e790-4908-b1d9-ca34331d4319
09-21 15:23:20 com_github_MitjaNemec_ReplicateLayout.replicate_layout 991:Dst text UUid:5ba6f12f-aa2f-4ddd-8fff-51b573845dab
09-21 15:23:20 com_github_MitjaNemec_ReplicateLayout.replicate_layout 990:Src text UUid:d0186b8b-6cf7-4560-95c5-9dac2899ed4c
09-21 15:23:20 com_github_MitjaNemec_ReplicateLayout.replicate_layout 991:Dst text UUid:4d290b43-60e8-4b40-b8cc-03d51e567cd3
09-21 15:23:20 com_github_MitjaNemec_ReplicateLayout.replicate_layout 888:Replicating footprint: 'TP3'
09-21 15:23:20 com_github_MitjaNemec_ReplicateLayout.replicate_layout 835:Src fp.id: '1FDAA684-C56B-4C8C-826C-96DF9880168B'
09-21 15:23:20 com_github_MitjaNemec_ReplicateLayout.replicate_layout 839:Dst fp.id: '1FDAA684-C56B-4C8C-826C-96DF9880168B'
09-21 15:23:20 com_github_MitjaNemec_ReplicateLayout.replicate_layout 895:found match in dst footprint: 'TP13'
09-21 15:23:20 com_github_MitjaNemec_ReplicateLayout.replicate_layout 990:Src text UUid:c0c8fcca-1803-4ad3-8d04-ca014e8e98cc
09-21 15:23:20 com_github_MitjaNemec_ReplicateLayout.replicate_layout 991:Dst text UUid:c5432848-1210-4b64-ad73-e30e9a11b57c
09-21 15:23:20 com_github_MitjaNemec_ReplicateLayout.replicate_layout 990:Src text UUid:5c270c62-1e02-4a24-a2d9-0b6b0fe764aa
09-21 15:23:20 com_github_MitjaNemec_ReplicateLayout.replicate_layout 991:Dst text UUid:53e3b2d0-b03d-4fba-82ec-90a6d8bc0dba
09-21 15:23:20 com_github_MitjaNemec_ReplicateLayout.replicate_layout 990:Src text UUid:b961e4d8-e596-461f-9dbb-8524307f0324
09-21 15:23:20 com_github_MitjaNemec_ReplicateLayout.replicate_layout 991:Dst text UUid:3c6aabdf-d2a7-4ec2-88f7-749477d2f5e2
09-21 15:23:20 com_github_MitjaNemec_ReplicateLayout.replicate_layout 888:Replicating footprint: 'TP4'
09-21 15:23:20 com_github_MitjaNemec_ReplicateLayout.replicate_layout 835:Src fp.id: '84DE68DC-356F-47DF-834C-7AF54A47E41A'
09-21 15:23:20 com_github_MitjaNemec_ReplicateLayout.replicate_layout 839:Dst fp.id: '84DE68DC-356F-47DF-834C-7AF54A47E41A'
09-21 15:23:20 com_github_MitjaNemec_ReplicateLayout.replicate_layout 895:found match in dst footprint: 'TP14'
09-21 15:23:20 com_github_MitjaNemec_ReplicateLayout.replicate_layout 990:Src text UUid:f621b292-9423-4a2c-a81f-abd1dcd50619
09-21 15:23:20 com_github_MitjaNemec_ReplicateLayout.replicate_layout 991:Dst text UUid:d00a33f1-16f4-4233-9193-a6725e6401e9
09-21 15:23:20 com_github_MitjaNemec_ReplicateLayout.replicate_layout 990:Src text UUid:78e8ecdf-6211-4957-9015-a39ce7dc54c4
09-21 15:23:20 com_github_MitjaNemec_ReplicateLayout.replicate_layout 991:Dst text UUid:d81fd5ac-5b7e-46e7-869d-8849c091bd3a
09-21 15:23:20 com_github_MitjaNemec_ReplicateLayout.replicate_layout 990:Src text UUid:adfecb0f-ca2c-4989-9388-2e7711d5e83a
09-21 15:23:20 com_github_MitjaNemec_ReplicateLayout.replicate_layout 991:Dst text UUid:7b69372d-68e0-430f-9cb7-35b78dd4f879
09-21 15:23:20 com_github_MitjaNemec_ReplicateLayout.replicate_layout 888:Replicating footprint: 'TP5'
09-21 15:23:20 com_github_MitjaNemec_ReplicateLayout.replicate_layout 835:Src fp.id: '9FB4DB63-FC89-4786-BCDE-5506A2B707EB'
09-21 15:23:20 com_github_MitjaNemec_ReplicateLayout.replicate_layout 839:Dst fp.id: '9FB4DB63-FC89-4786-BCDE-5506A2B707EB'
09-21 15:23:20 com_github_MitjaNemec_ReplicateLayout.replicate_layout 895:found match in dst footprint: 'TP15'
09-21 15:23:20 com_github_MitjaNemec_ReplicateLayout.replicate_layout 990:Src text UUid:d2a53eb9-b04b-443c-8597-c3cf0c2ee42f
09-21 15:23:20 com_github_MitjaNemec_ReplicateLayout.replicate_layout 991:Dst text UUid:c6844495-e5a7-4da7-a3ee-51c56dacd682
09-21 15:23:20 com_github_MitjaNemec_ReplicateLayout.replicate_layout 990:Src text UUid:53c1b7d4-49c7-4702-84d1-b5ab36cd23bb
09-21 15:23:20 com_github_MitjaNemec_ReplicateLayout.replicate_layout 991:Dst text UUid:c9d88d7a-fada-4432-98c3-6ca44c289dfc
09-21 15:23:20 com_github_MitjaNemec_ReplicateLayout.replicate_layout 990:Src text UUid:6510dd8e-6feb-44de-bf64-1f3273d46fb4
09-21 15:23:20 com_github_MitjaNemec_ReplicateLayout.replicate_layout 991:Dst text UUid:1bd8e183-f387-447b-9080-efe45347a163
09-21 15:23:20 com_github_MitjaNemec_ReplicateLayout.replicate_layout 888:Replicating footprint: 'C37'
09-21 15:23:20 com_github_MitjaNemec_ReplicateLayout.replicate_layout 835:Src fp.id: '0AC02172-A094-44E4-A1E2-E280EDFD0D4A'
09-21 15:23:20 com_github_MitjaNemec_ReplicateLayout.replicate_layout 839:Dst fp.id: '0AC02172-A094-44E4-A1E2-E280EDFD0D4A'
09-21 15:23:20 com_github_MitjaNemec_ReplicateLayout.replicate_layout 895:found match in dst footprint: 'C77'
09-21 15:23:20 com_github_MitjaNemec_ReplicateLayout.replicate_layout 990:Src text UUid:2f4e6e4f-3495-42c7-95e3-c9706c934457
09-21 15:23:20 com_github_MitjaNemec_ReplicateLayout.replicate_layout 991:Dst text UUid:9e011ce1-d2b0-4d9f-bb86-26b8919abd07
09-21 15:23:20 com_github_MitjaNemec_ReplicateLayout.replicate_layout 990:Src text UUid:fe3471ba-14df-4a83-ac5c-29f0054023b5
09-21 15:23:20 com_github_MitjaNemec_ReplicateLayout.replicate_layout 991:Dst text UUid:f7edec69-f337-4e30-a048-65f8f49cd170
09-21 15:23:20 com_github_MitjaNemec_ReplicateLayout.replicate_layout 990:Src text UUid:80fa5244-80f8-415b-9d6c-a39c11bd67b0
09-21 15:23:20 com_github_MitjaNemec_ReplicateLayout.replicate_layout 991:Dst text UUid:e5e63fa2-1b1b-4c19-bccf-2df708cb176d
09-21 15:23:20 com_github_MitjaNemec_ReplicateLayout.replicate_layout 870:Replicating footprints on sheet ['/TwoIsolatedFETs0/', '/TwoIsolatedFETs1/HBridge_B/']
09-21 15:23:20 com_github_MitjaNemec_ReplicateLayout.replicate_layout 835:Src fp.id: '06273584-2E07-44EE-9E55-15B43BC1867C'
09-21 15:23:20 com_github_MitjaNemec_ReplicateLayout.replicate_layout 839:Dst fp.id: '06273584-2E07-44EE-9E55-15B43BC1867C'
09-21 15:23:20 com_github_MitjaNemec_ReplicateLayout.replicate_layout 888:Replicating footprint: 'D6'
09-21 15:23:20 com_github_MitjaNemec_ReplicateLayout.replicate_layout 835:Src fp.id: 'DC818B8F-DB31-484A-BF6C-57FCBD88EC72'
09-21 15:23:20 com_github_MitjaNemec_ReplicateLayout.replicate_layout 839:Dst fp.id: 'DC818B8F-DB31-484A-BF6C-57FCBD88EC72'
09-21 15:23:20 com_github_MitjaNemec_ReplicateLayout.replicate_layout 895:found match in dst footprint: 'D15'
09-21 15:23:20 com_github_MitjaNemec_ReplicateLayout.replicate_layout 990:Src text UUid:060d3fae-767c-4c24-9861-63694c3c689e
09-21 15:23:20 com_github_MitjaNemec_ReplicateLayout.replicate_layout 991:Dst text UUid:ba1557ff-0368-434a-bb51-a9e3792a0d3a
09-21 15:23:20 com_github_MitjaNemec_ReplicateLayout.replicate_layout 990:Src text UUid:9a6c184c-dbd0-46c2-aef0-bced29053239
09-21 15:23:20 com_github_MitjaNemec_ReplicateLayout.replicate_layout 991:Dst text UUid:f4dcb217-a065-43e2-9b9b-edff42e7b5d1
09-21 15:23:20 com_github_MitjaNemec_ReplicateLayout.replicate_layout 990:Src text UUid:b8a6a8e8-8a26-47fb-b74f-d3cfd5f9db35
09-21 15:23:20 com_github_MitjaNemec_ReplicateLayout.replicate_layout 991:Dst text UUid:e864fa40-44df-4943-934a-6369d1c639a9
09-21 15:23:20 com_github_MitjaNemec_ReplicateLayout.replicate_layout 888:Replicating footprint: 'U11'
09-21 15:23:20 com_github_MitjaNemec_ReplicateLayout.replicate_layout 835:Src fp.id: '06273584-2E07-44EE-9E55-15B43BC1867C'
09-21 15:23:20 com_github_MitjaNemec_ReplicateLayout.replicate_layout 839:Dst fp.id: '06273584-2E07-44EE-9E55-15B43BC1867C'
09-21 15:23:20 com_github_MitjaNemec_ReplicateLayout.replicate_layout 895:found match in dst footprint: 'U21'
09-21 15:23:20 com_github_MitjaNemec_ReplicateLayout.replicate_layout 990:Src text UUid:24809e0e-570f-4f64-b8d2-2ca8b30da2d9
09-21 15:23:20 com_github_MitjaNemec_ReplicateLayout.replicate_layout 991:Dst text UUid:8f116e47-530d-4a5e-8391-9132a8c02a34
09-21 15:23:20 com_github_MitjaNemec_ReplicateLayout.replicate_layout 990:Src text UUid:c3a82bf0-883e-4df4-893b-5c6c820ed21d
09-21 15:23:20 com_github_MitjaNemec_ReplicateLayout.replicate_layout 991:Dst text UUid:28321be6-f25e-431a-9dcb-84a538320f96
09-21 15:23:20 com_github_MitjaNemec_ReplicateLayout.replicate_layout 990:Src text UUid:6d6f1482-6c1f-4a2a-a141-7d3fd0fc707c
09-21 15:23:20 com_github_MitjaNemec_ReplicateLayout.replicate_layout 991:Dst text UUid:3db7604a-4909-473c-959a-e4f8204ec6bd
09-21 15:23:20 com_github_MitjaNemec_ReplicateLayout.replicate_layout 990:Src text UUid:9f93f48c-677e-4895-ad1b-8baad29d412e
09-21 15:23:20 com_github_MitjaNemec_ReplicateLayout.replicate_layout 991:Dst text UUid:6eee9ed6-8fcb-455e-bab6-275aa4655a61
09-21 15:23:20 com_github_MitjaNemec_ReplicateLayout.replicate_layout 990:Src text UUid:8941ede0-c92c-4aea-84bf-fa0842641ed7
09-21 15:23:20 com_github_MitjaNemec_ReplicateLayout.replicate_layout 991:Dst text UUid:b0a021e2-d1f9-4c4c-9967-a2efcc63794f
09-21 15:23:20 com_github_MitjaNemec_ReplicateLayout.replicate_layout 990:Src text UUid:2a111577-b546-442d-bf62-88443dd2654c
09-21 15:23:20 com_github_MitjaNemec_ReplicateLayout.replicate_layout 991:Dst text UUid:73e43ced-833e-445a-84fb-a7c9b8497f60
09-21 15:23:20 com_github_MitjaNemec_ReplicateLayout.replicate_layout 990:Src text UUid:bae313ba-cb5e-4a68-8697-ac620bae6391
09-21 15:23:20 com_github_MitjaNemec_ReplicateLayout.replicate_layout 991:Dst text UUid:a5553999-3dde-48d6-97fc-d1fab364f5f4
09-21 15:23:20 com_github_MitjaNemec_ReplicateLayout.replicate_layout 888:Replicating footprint: 'C39'
09-21 15:23:20 com_github_MitjaNemec_ReplicateLayout.replicate_layout 835:Src fp.id: 'B2CC6598-ED49-44A2-A040-98B9418469C6'
09-21 15:23:20 com_github_MitjaNemec_ReplicateLayout.replicate_layout 839:Dst fp.id: 'B2CC6598-ED49-44A2-A040-98B9418469C6'
09-21 15:23:20 com_github_MitjaNemec_ReplicateLayout.replicate_layout 895:found match in dst footprint: 'C85'
09-21 15:23:20 com_github_MitjaNemec_ReplicateLayout.replicate_layout 990:Src text UUid:f7934c0e-62dd-4185-8a82-8ea54858fd6b
09-21 15:23:20 com_github_MitjaNemec_ReplicateLayout.replicate_layout 991:Dst text UUid:bffc1a2c-8f41-4f6d-8504-c8f2bb638a49
09-21 15:23:20 com_github_MitjaNemec_ReplicateLayout.replicate_layout 990:Src text UUid:f6715954-db00-4d42-aaf3-5b545c246400
09-21 15:23:20 com_github_MitjaNemec_ReplicateLayout.replicate_layout 991:Dst text UUid:fb6890e3-8313-4f89-947f-daa81447b8eb
09-21 15:23:20 com_github_MitjaNemec_ReplicateLayout.replicate_layout 990:Src text UUid:96679f63-d4e6-4b9d-bdc9-fbc3fe24ad5c
09-21 15:23:20 com_github_MitjaNemec_ReplicateLayout.replicate_layout 991:Dst text UUid:4e915cf9-2662-49d4-916f-738a85ff79d3
09-21 15:23:20 com_github_MitjaNemec_ReplicateLayout.replicate_layout 888:Replicating footprint: 'C36'
09-21 15:23:20 com_github_MitjaNemec_ReplicateLayout.replicate_layout 835:Src fp.id: 'D0A3D36B-643D-427A-9242-EAF77870E06D'
09-21 15:23:20 com_github_MitjaNemec_ReplicateLayout.replicate_layout 839:Dst fp.id: 'D0A3D36B-643D-427A-9242-EAF77870E06D'
09-21 15:23:20 com_github_MitjaNemec_ReplicateLayout.replicate_layout 895:found match in dst footprint: 'C82'
09-21 15:23:20 com_github_MitjaNemec_ReplicateLayout.replicate_layout 990:Src text UUid:8b720624-ed91-4898-8dde-26d4f19a3fa0
09-21 15:23:20 com_github_MitjaNemec_ReplicateLayout.replicate_layout 991:Dst text UUid:a2ba26c6-c1e5-4065-a9d6-de52f1697c4c
09-21 15:23:20 com_github_MitjaNemec_ReplicateLayout.replicate_layout 990:Src text UUid:a12b7170-f07f-43dd-b49e-6c2a33337c0c
09-21 15:23:20 com_github_MitjaNemec_ReplicateLayout.replicate_layout 991:Dst text UUid:362c0514-863c-4a06-9efb-d1d18f66eeff
09-21 15:23:20 com_github_MitjaNemec_ReplicateLayout.replicate_layout 990:Src text UUid:29141b30-ba09-4157-9fe8-c2309552b58c
09-21 15:23:20 com_github_MitjaNemec_ReplicateLayout.replicate_layout 991:Dst text UUid:fbfa9e87-1c41-47ad-bfc9-8ddbfc015ebd
09-21 15:23:20 com_github_MitjaNemec_ReplicateLayout.replicate_layout 888:Replicating footprint: 'C34'
09-21 15:23:20 com_github_MitjaNemec_ReplicateLayout.replicate_layout 835:Src fp.id: '3EE4BB1E-791E-4BB9-A303-A69F87470BB4'
09-21 15:23:20 com_github_MitjaNemec_ReplicateLayout.replicate_layout 839:Dst fp.id: '3EE4BB1E-791E-4BB9-A303-A69F87470BB4'
09-21 15:23:20 com_github_MitjaNemec_ReplicateLayout.replicate_layout 895:found match in dst footprint: 'C80'
09-21 15:23:20 com_github_MitjaNemec_ReplicateLayout.replicate_layout 990:Src text UUid:9bb6a33a-807b-4aa5-8c9c-f985743f82b2
09-21 15:23:20 com_github_MitjaNemec_ReplicateLayout.replicate_layout 991:Dst text UUid:56fd61f6-8d03-4e3e-bd52-bfea595558f6
09-21 15:23:20 com_github_MitjaNemec_ReplicateLayout.replicate_layout 990:Src text UUid:ea43b8b5-e318-4eea-b300-eac7ece9d870
09-21 15:23:20 com_github_MitjaNemec_ReplicateLayout.replicate_layout 991:Dst text UUid:ba807213-cd1b-4f54-91b5-793d368b8563
09-21 15:23:20 com_github_MitjaNemec_ReplicateLayout.replicate_layout 990:Src text UUid:821ccfe3-7bf1-4404-81ad-041247e27f5f
09-21 15:23:20 com_github_MitjaNemec_ReplicateLayout.replicate_layout 991:Dst text UUid:b6baee07-bff6-4fdf-ba76-9a1817b2c0d1
09-21 15:23:20 com_github_MitjaNemec_ReplicateLayout.replicate_layout 888:Replicating footprint: 'C35'
09-21 15:23:20 com_github_MitjaNemec_ReplicateLayout.replicate_layout 835:Src fp.id: 'AA9B538A-91DF-4804-AF6C-80D68146A515'
09-21 15:23:20 com_github_MitjaNemec_ReplicateLayout.replicate_layout 839:Dst fp.id: 'AA9B538A-91DF-4804-AF6C-80D68146A515'
09-21 15:23:20 com_github_MitjaNemec_ReplicateLayout.replicate_layout 895:found match in dst footprint: 'C81'
09-21 15:23:20 com_github_MitjaNemec_ReplicateLayout.replicate_layout 990:Src text UUid:c3962c2b-821a-453b-a0ba-0ceb5edf5352
09-21 15:23:20 com_github_MitjaNemec_ReplicateLayout.replicate_layout 991:Dst text UUid:4eb8417b-03de-4f89-9829-077f011da300
09-21 15:23:20 com_github_MitjaNemec_ReplicateLayout.replicate_layout 990:Src text UUid:7b0ccb28-4e54-4cb9-af69-c70d8036f9c7
09-21 15:23:20 com_github_MitjaNemec_ReplicateLayout.replicate_layout 991:Dst text UUid:eb2230c4-9787-4f6b-9f09-311c7757e91e
09-21 15:23:20 com_github_MitjaNemec_ReplicateLayout.replicate_layout 990:Src text UUid:b8b32d51-5acf-420e-b199-170506780687
09-21 15:23:20 com_github_MitjaNemec_ReplicateLayout.replicate_layout 991:Dst text UUid:e2899b2f-ac43-4ef0-9943-f87b8721ca2e
09-21 15:23:20 com_github_MitjaNemec_ReplicateLayout.replicate_layout 888:Replicating footprint: 'C38'
09-21 15:23:20 com_github_MitjaNemec_ReplicateLayout.replicate_layout 835:Src fp.id: '16D82683-FA2C-4DC0-BF1D-2A1BEFB619A4'
09-21 15:23:20 com_github_MitjaNemec_ReplicateLayout.replicate_layout 839:Dst fp.id: '16D82683-FA2C-4DC0-BF1D-2A1BEFB619A4'
09-21 15:23:20 com_github_MitjaNemec_ReplicateLayout.replicate_layout 895:found match in dst footprint: 'C84'
09-21 15:23:20 com_github_MitjaNemec_ReplicateLayout.replicate_layout 990:Src text UUid:4a3a09b2-94f6-49d6-b7b5-6c615f25386b
09-21 15:23:20 com_github_MitjaNemec_ReplicateLayout.replicate_layout 991:Dst text UUid:77171763-86d4-4bfe-9bd9-6e1881383bc4
09-21 15:23:20 com_github_MitjaNemec_ReplicateLayout.replicate_layout 990:Src text UUid:2275143b-5a4d-4c65-81fc-3baa96e93d3e
09-21 15:23:20 com_github_MitjaNemec_ReplicateLayout.replicate_layout 991:Dst text UUid:375dc047-ceeb-4b62-93b9-80379b7335e8
09-21 15:23:20 com_github_MitjaNemec_ReplicateLayout.replicate_layout 990:Src text UUid:5b6401ee-fe34-4db6-9b0f-682a9be6c9a9
09-21 15:23:20 com_github_MitjaNemec_ReplicateLayout.replicate_layout 991:Dst text UUid:d3b202ff-5a66-4c8c-ad9e-069ab2c3f043
09-21 15:23:20 com_github_MitjaNemec_ReplicateLayout.replicate_layout 888:Replicating footprint: 'R12'
09-21 15:23:20 com_github_MitjaNemec_ReplicateLayout.replicate_layout 835:Src fp.id: '739E778E-A7C6-4F7A-B1EB-CD321F618771'
09-21 15:23:20 com_github_MitjaNemec_ReplicateLayout.replicate_layout 839:Dst fp.id: '739E778E-A7C6-4F7A-B1EB-CD321F618771'
09-21 15:23:20 com_github_MitjaNemec_ReplicateLayout.replicate_layout 895:found match in dst footprint: 'R44'
09-21 15:23:20 com_github_MitjaNemec_ReplicateLayout.replicate_layout 990:Src text UUid:828977af-c72a-4933-bc4a-3568eddfd55d
09-21 15:23:20 com_github_MitjaNemec_ReplicateLayout.replicate_layout 991:Dst text UUid:b188aede-74b4-4adf-a65e-c885b9761146
09-21 15:23:20 com_github_MitjaNemec_ReplicateLayout.replicate_layout 990:Src text UUid:e1c36897-c6ec-4655-aa4d-2d077694095d
09-21 15:23:20 com_github_MitjaNemec_ReplicateLayout.replicate_layout 991:Dst text UUid:414f4164-124a-4b5f-bceb-a9dba5be8caf
09-21 15:23:20 com_github_MitjaNemec_ReplicateLayout.replicate_layout 990:Src text UUid:04a11a24-ec79-4f19-a8be-e910e541b300
09-21 15:23:20 com_github_MitjaNemec_ReplicateLayout.replicate_layout 991:Dst text UUid:49dd0d9f-7a7e-46f1-85ad-aa8db0999c1e
09-21 15:23:20 com_github_MitjaNemec_ReplicateLayout.replicate_layout 888:Replicating footprint: 'R13'
09-21 15:23:20 root 345:updating GUI with: 52
09-21 15:23:20 com_github_MitjaNemec_ReplicateLayout.replicate_layout 835:Src fp.id: '40969C7A-69A8-4FE1-B319-C8DC8934FCC6'
09-21 15:23:20 com_github_MitjaNemec_ReplicateLayout.replicate_layout 839:Dst fp.id: '40969C7A-69A8-4FE1-B319-C8DC8934FCC6'
09-21 15:23:20 com_github_MitjaNemec_ReplicateLayout.replicate_layout 895:found match in dst footprint: 'R45'
09-21 15:23:20 com_github_MitjaNemec_ReplicateLayout.replicate_layout 990:Src text UUid:587d4b76-f637-42a0-b9e1-83ddbb472d2e
09-21 15:23:20 com_github_MitjaNemec_ReplicateLayout.replicate_layout 991:Dst text UUid:1e186817-4b2b-4a62-b172-da18b89d6e44
09-21 15:23:20 com_github_MitjaNemec_ReplicateLayout.replicate_layout 990:Src text UUid:9a70d330-692d-4c20-b23b-b59a045b8f23
09-21 15:23:20 com_github_MitjaNemec_ReplicateLayout.replicate_layout 991:Dst text UUid:35244eae-a071-4ceb-bb70-020ad0a111de
09-21 15:23:20 com_github_MitjaNemec_ReplicateLayout.replicate_layout 990:Src text UUid:9a87b47f-02db-4423-9784-0ae87a9947ed
09-21 15:23:20 com_github_MitjaNemec_ReplicateLayout.replicate_layout 991:Dst text UUid:a3bc3843-f1b6-4d3f-9963-1ee85b659984
09-21 15:23:20 com_github_MitjaNemec_ReplicateLayout.replicate_layout 888:Replicating footprint: 'R14'
09-21 15:23:20 com_github_MitjaNemec_ReplicateLayout.replicate_layout 835:Src fp.id: '0EA5E84E-41C5-4F41-B10D-CC62C7E679AE'
09-21 15:23:20 com_github_MitjaNemec_ReplicateLayout.replicate_layout 839:Dst fp.id: '0EA5E84E-41C5-4F41-B10D-CC62C7E679AE'
09-21 15:23:20 com_github_MitjaNemec_ReplicateLayout.replicate_layout 895:found match in dst footprint: 'R46'
09-21 15:23:20 com_github_MitjaNemec_ReplicateLayout.replicate_layout 990:Src text UUid:9ff88b02-d287-43c3-8031-cfb5d453c9be
09-21 15:23:20 com_github_MitjaNemec_ReplicateLayout.replicate_layout 991:Dst text UUid:268f1ae6-8799-4077-afc4-02fa433044ae
09-21 15:23:20 com_github_MitjaNemec_ReplicateLayout.replicate_layout 990:Src text UUid:e381065a-8213-4704-b9c0-17544d909a1d
09-21 15:23:20 com_github_MitjaNemec_ReplicateLayout.replicate_layout 991:Dst text UUid:2128352f-fc1c-4fda-8096-d11e435b23db
09-21 15:23:20 com_github_MitjaNemec_ReplicateLayout.replicate_layout 990:Src text UUid:103e21fd-bc6e-46d8-b1c7-51df7989a11a
09-21 15:23:20 com_github_MitjaNemec_ReplicateLayout.replicate_layout 991:Dst text UUid:5b39c301-d06f-40db-a0d6-b869e214d963
09-21 15:23:20 com_github_MitjaNemec_ReplicateLayout.replicate_layout 888:Replicating footprint: 'TP1'
09-21 15:23:20 com_github_MitjaNemec_ReplicateLayout.replicate_layout 835:Src fp.id: '7753F5A6-A36B-4145-9459-873A1AFFD8C3'
09-21 15:23:20 com_github_MitjaNemec_ReplicateLayout.replicate_layout 839:Dst fp.id: '7753F5A6-A36B-4145-9459-873A1AFFD8C3'
09-21 15:23:20 com_github_MitjaNemec_ReplicateLayout.replicate_layout 895:found match in dst footprint: 'TP16'
09-21 15:23:20 com_github_MitjaNemec_ReplicateLayout.replicate_layout 990:Src text UUid:6ea43140-5b8b-44e8-812e-c1ecbdbe2010
09-21 15:23:20 com_github_MitjaNemec_ReplicateLayout.replicate_layout 991:Dst text UUid:e67d7fee-656a-49ab-a520-60489dcf1394
09-21 15:23:20 com_github_MitjaNemec_ReplicateLayout.replicate_layout 990:Src text UUid:1dc8b818-33e3-4d46-80e5-29f8761ec603
09-21 15:23:20 com_github_MitjaNemec_ReplicateLayout.replicate_layout 991:Dst text UUid:ff3fc5c7-d1f1-4ba4-b1df-15dc8410ba9e
09-21 15:23:20 com_github_MitjaNemec_ReplicateLayout.replicate_layout 990:Src text UUid:7fd2ec15-f834-4c21-9113-aa894fae7fa4
09-21 15:23:20 com_github_MitjaNemec_ReplicateLayout.replicate_layout 991:Dst text UUid:bf86eb25-a44a-400a-a05c-22d134e6b50d
09-21 15:23:20 com_github_MitjaNemec_ReplicateLayout.replicate_layout 888:Replicating footprint: 'TP2'
09-21 15:23:20 com_github_MitjaNemec_ReplicateLayout.replicate_layout 835:Src fp.id: '069B23DB-C388-4E3A-ADBD-1CF488370327'
09-21 15:23:20 com_github_MitjaNemec_ReplicateLayout.replicate_layout 839:Dst fp.id: '069B23DB-C388-4E3A-ADBD-1CF488370327'
09-21 15:23:20 com_github_MitjaNemec_ReplicateLayout.replicate_layout 895:found match in dst footprint: 'TP17'
09-21 15:23:20 com_github_MitjaNemec_ReplicateLayout.replicate_layout 990:Src text UUid:b4f3c6a0-b1d7-4916-868b-03ab0312f06b
09-21 15:23:20 com_github_MitjaNemec_ReplicateLayout.replicate_layout 991:Dst text UUid:97b2c744-8841-4e10-b64f-283fedbfc0bd
09-21 15:23:20 com_github_MitjaNemec_ReplicateLayout.replicate_layout 990:Src text UUid:c076155b-e790-4908-b1d9-ca34331d4319
09-21 15:23:20 com_github_MitjaNemec_ReplicateLayout.replicate_layout 991:Dst text UUid:2ee06983-77cc-4fd8-98f2-5c92a4ea4583
09-21 15:23:20 com_github_MitjaNemec_ReplicateLayout.replicate_layout 990:Src text UUid:d0186b8b-6cf7-4560-95c5-9dac2899ed4c
09-21 15:23:20 com_github_MitjaNemec_ReplicateLayout.replicate_layout 991:Dst text UUid:03ecc351-167e-4bbf-adae-f34bc480a349
09-21 15:23:20 com_github_MitjaNemec_ReplicateLayout.replicate_layout 888:Replicating footprint: 'TP3'
09-21 15:23:20 com_github_MitjaNemec_ReplicateLayout.replicate_layout 835:Src fp.id: '1FDAA684-C56B-4C8C-826C-96DF9880168B'
09-21 15:23:20 com_github_MitjaNemec_ReplicateLayout.replicate_layout 839:Dst fp.id: '1FDAA684-C56B-4C8C-826C-96DF9880168B'
09-21 15:23:20 com_github_MitjaNemec_ReplicateLayout.replicate_layout 895:found match in dst footprint: 'TP18'
09-21 15:23:20 com_github_MitjaNemec_ReplicateLayout.replicate_layout 990:Src text UUid:c0c8fcca-1803-4ad3-8d04-ca014e8e98cc
09-21 15:23:20 com_github_MitjaNemec_ReplicateLayout.replicate_layout 991:Dst text UUid:dd2c8bc7-8b94-4d39-89e7-ec089b36da72
09-21 15:23:20 com_github_MitjaNemec_ReplicateLayout.replicate_layout 990:Src text UUid:5c270c62-1e02-4a24-a2d9-0b6b0fe764aa
09-21 15:23:20 com_github_MitjaNemec_ReplicateLayout.replicate_layout 991:Dst text UUid:d056aee4-d44c-4432-bffb-d497a1d11c61
09-21 15:23:20 com_github_MitjaNemec_ReplicateLayout.replicate_layout 990:Src text UUid:b961e4d8-e596-461f-9dbb-8524307f0324
09-21 15:23:20 com_github_MitjaNemec_ReplicateLayout.replicate_layout 991:Dst text UUid:4262243a-fed0-479b-b534-a4f6646de0b8
09-21 15:23:20 com_github_MitjaNemec_ReplicateLayout.replicate_layout 888:Replicating footprint: 'TP4'
09-21 15:23:20 com_github_MitjaNemec_ReplicateLayout.replicate_layout 835:Src fp.id: '84DE68DC-356F-47DF-834C-7AF54A47E41A'
09-21 15:23:20 com_github_MitjaNemec_ReplicateLayout.replicate_layout 839:Dst fp.id: '84DE68DC-356F-47DF-834C-7AF54A47E41A'
09-21 15:23:20 com_github_MitjaNemec_ReplicateLayout.replicate_layout 895:found match in dst footprint: 'TP19'
09-21 15:23:20 com_github_MitjaNemec_ReplicateLayout.replicate_layout 990:Src text UUid:f621b292-9423-4a2c-a81f-abd1dcd50619
09-21 15:23:20 com_github_MitjaNemec_ReplicateLayout.replicate_layout 991:Dst text UUid:f653a9cb-fa5c-4f28-a9fe-92d47bc565a7
09-21 15:23:20 com_github_MitjaNemec_ReplicateLayout.replicate_layout 990:Src text UUid:78e8ecdf-6211-4957-9015-a39ce7dc54c4
09-21 15:23:20 com_github_MitjaNemec_ReplicateLayout.replicate_layout 991:Dst text UUid:eb024257-9963-4538-914c-75e7cbdedd60
09-21 15:23:20 com_github_MitjaNemec_ReplicateLayout.replicate_layout 990:Src text UUid:adfecb0f-ca2c-4989-9388-2e7711d5e83a
09-21 15:23:20 com_github_MitjaNemec_ReplicateLayout.replicate_layout 991:Dst text UUid:7dc5b089-a8c0-4fb7-a1a2-44c6a5710cb2
09-21 15:23:20 com_github_MitjaNemec_ReplicateLayout.replicate_layout 888:Replicating footprint: 'TP5'
09-21 15:23:20 com_github_MitjaNemec_ReplicateLayout.replicate_layout 835:Src fp.id: '9FB4DB63-FC89-4786-BCDE-5506A2B707EB'
09-21 15:23:20 com_github_MitjaNemec_ReplicateLayout.replicate_layout 839:Dst fp.id: '9FB4DB63-FC89-4786-BCDE-5506A2B707EB'
09-21 15:23:20 com_github_MitjaNemec_ReplicateLayout.replicate_layout 895:found match in dst footprint: 'TP20'
09-21 15:23:20 com_github_MitjaNemec_ReplicateLayout.replicate_layout 990:Src text UUid:d2a53eb9-b04b-443c-8597-c3cf0c2ee42f
09-21 15:23:20 com_github_MitjaNemec_ReplicateLayout.replicate_layout 991:Dst text UUid:bff96536-8f63-44f9-8ab5-51cc51c0f19e
09-21 15:23:20 com_github_MitjaNemec_ReplicateLayout.replicate_layout 990:Src text UUid:53c1b7d4-49c7-4702-84d1-b5ab36cd23bb
09-21 15:23:20 com_github_MitjaNemec_ReplicateLayout.replicate_layout 991:Dst text UUid:af0c0525-5651-4d9e-873c-115d783462a8
09-21 15:23:20 com_github_MitjaNemec_ReplicateLayout.replicate_layout 990:Src text UUid:6510dd8e-6feb-44de-bf64-1f3273d46fb4
09-21 15:23:20 com_github_MitjaNemec_ReplicateLayout.replicate_layout 991:Dst text UUid:6b176ef1-7e03-4b4a-8138-2afa139fffe7
09-21 15:23:20 com_github_MitjaNemec_ReplicateLayout.replicate_layout 888:Replicating footprint: 'C37'
09-21 15:23:20 com_github_MitjaNemec_ReplicateLayout.replicate_layout 835:Src fp.id: '0AC02172-A094-44E4-A1E2-E280EDFD0D4A'
09-21 15:23:20 com_github_MitjaNemec_ReplicateLayout.replicate_layout 839:Dst fp.id: '0AC02172-A094-44E4-A1E2-E280EDFD0D4A'
09-21 15:23:20 com_github_MitjaNemec_ReplicateLayout.replicate_layout 895:found match in dst footprint: 'C83'
09-21 15:23:20 com_github_MitjaNemec_ReplicateLayout.replicate_layout 990:Src text UUid:2f4e6e4f-3495-42c7-95e3-c9706c934457
09-21 15:23:20 com_github_MitjaNemec_ReplicateLayout.replicate_layout 991:Dst text UUid:849c5cf5-6af7-4600-aa1a-eab70cb3d44b
09-21 15:23:20 com_github_MitjaNemec_ReplicateLayout.replicate_layout 990:Src text UUid:fe3471ba-14df-4a83-ac5c-29f0054023b5
09-21 15:23:20 com_github_MitjaNemec_ReplicateLayout.replicate_layout 991:Dst text UUid:01cb685e-008f-46ba-bf38-4a649a8300fd
09-21 15:23:20 com_github_MitjaNemec_ReplicateLayout.replicate_layout 990:Src text UUid:80fa5244-80f8-415b-9d6c-a39c11bd67b0
09-21 15:23:20 com_github_MitjaNemec_ReplicateLayout.replicate_layout 991:Dst text UUid:7d02edd1-1d96-47ba-b407-5ef2fa031497
09-21 15:23:20 com_github_MitjaNemec_ReplicateLayout.replicate_layout 870:Replicating footprints on sheet ['/TwoIsolatedFETs1/', '/TwoIsolatedFETs1/HBridge_B/']
09-21 15:23:20 com_github_MitjaNemec_ReplicateLayout.replicate_layout 835:Src fp.id: '06273584-2E07-44EE-9E55-15B43BC1867C'
09-21 15:23:20 com_github_MitjaNemec_ReplicateLayout.replicate_layout 839:Dst fp.id: '06273584-2E07-44EE-9E55-15B43BC1867C'
09-21 15:23:20 com_github_MitjaNemec_ReplicateLayout.replicate_layout 888:Replicating footprint: 'D6'
09-21 15:23:20 com_github_MitjaNemec_ReplicateLayout.replicate_layout 835:Src fp.id: 'DC818B8F-DB31-484A-BF6C-57FCBD88EC72'
09-21 15:23:20 com_github_MitjaNemec_ReplicateLayout.replicate_layout 839:Dst fp.id: 'DC818B8F-DB31-484A-BF6C-57FCBD88EC72'
09-21 15:23:20 com_github_MitjaNemec_ReplicateLayout.replicate_layout 895:found match in dst footprint: 'D7'
09-21 15:23:20 com_github_MitjaNemec_ReplicateLayout.replicate_layout 990:Src text UUid:060d3fae-767c-4c24-9861-63694c3c689e
09-21 15:23:20 com_github_MitjaNemec_ReplicateLayout.replicate_layout 991:Dst text UUid:f4cf69c7-d366-4dbd-8384-f70af508f25f
09-21 15:23:20 com_github_MitjaNemec_ReplicateLayout.replicate_layout 990:Src text UUid:9a6c184c-dbd0-46c2-aef0-bced29053239
09-21 15:23:20 com_github_MitjaNemec_ReplicateLayout.replicate_layout 991:Dst text UUid:1ab8ea6e-829c-44f4-b080-bba96aef8504
09-21 15:23:20 com_github_MitjaNemec_ReplicateLayout.replicate_layout 990:Src text UUid:b8a6a8e8-8a26-47fb-b74f-d3cfd5f9db35
09-21 15:23:20 com_github_MitjaNemec_ReplicateLayout.replicate_layout 991:Dst text UUid:849be4f2-304c-4738-8000-37519cd20297
09-21 15:23:20 com_github_MitjaNemec_ReplicateLayout.replicate_layout 888:Replicating footprint: 'U11'
09-21 15:23:20 com_github_MitjaNemec_ReplicateLayout.replicate_layout 835:Src fp.id: '06273584-2E07-44EE-9E55-15B43BC1867C'
09-21 15:23:20 com_github_MitjaNemec_ReplicateLayout.replicate_layout 839:Dst fp.id: '06273584-2E07-44EE-9E55-15B43BC1867C'
09-21 15:23:20 com_github_MitjaNemec_ReplicateLayout.replicate_layout 895:found match in dst footprint: 'U12'
09-21 15:23:20 com_github_MitjaNemec_ReplicateLayout.replicate_layout 990:Src text UUid:24809e0e-570f-4f64-b8d2-2ca8b30da2d9
09-21 15:23:20 com_github_MitjaNemec_ReplicateLayout.replicate_layout 991:Dst text UUid:1fb32d5b-4eb0-4975-b84d-1ad75197a869
09-21 15:23:20 com_github_MitjaNemec_ReplicateLayout.replicate_layout 990:Src text UUid:c3a82bf0-883e-4df4-893b-5c6c820ed21d
09-21 15:23:20 com_github_MitjaNemec_ReplicateLayout.replicate_layout 991:Dst text UUid:8b6e76f5-5026-4816-a851-48c64cd78bd2
09-21 15:23:20 com_github_MitjaNemec_ReplicateLayout.replicate_layout 990:Src text UUid:6d6f1482-6c1f-4a2a-a141-7d3fd0fc707c
09-21 15:23:20 com_github_MitjaNemec_ReplicateLayout.replicate_layout 991:Dst text UUid:89353fe2-5889-4e62-aafb-cacbd7fea191
09-21 15:23:20 com_github_MitjaNemec_ReplicateLayout.replicate_layout 990:Src text UUid:9f93f48c-677e-4895-ad1b-8baad29d412e
09-21 15:23:20 com_github_MitjaNemec_ReplicateLayout.replicate_layout 991:Dst text UUid:a2b49a9a-111a-427d-8889-2815c1b9d788
09-21 15:23:20 com_github_MitjaNemec_ReplicateLayout.replicate_layout 990:Src text UUid:8941ede0-c92c-4aea-84bf-fa0842641ed7
09-21 15:23:20 com_github_MitjaNemec_ReplicateLayout.replicate_layout 991:Dst text UUid:5652444d-5780-41a8-8637-e9623b0f8ead
09-21 15:23:20 com_github_MitjaNemec_ReplicateLayout.replicate_layout 990:Src text UUid:2a111577-b546-442d-bf62-88443dd2654c
09-21 15:23:20 com_github_MitjaNemec_ReplicateLayout.replicate_layout 991:Dst text UUid:ffd9768a-f907-4b7c-812c-d6e12e517091
09-21 15:23:20 com_github_MitjaNemec_ReplicateLayout.replicate_layout 990:Src text UUid:bae313ba-cb5e-4a68-8697-ac620bae6391
09-21 15:23:20 com_github_MitjaNemec_ReplicateLayout.replicate_layout 991:Dst text UUid:4dac33f9-1113-4a3a-8b79-9746304bc80d
09-21 15:23:20 com_github_MitjaNemec_ReplicateLayout.replicate_layout 888:Replicating footprint: 'C39'
09-21 15:23:20 com_github_MitjaNemec_ReplicateLayout.replicate_layout 835:Src fp.id: 'B2CC6598-ED49-44A2-A040-98B9418469C6'
09-21 15:23:20 com_github_MitjaNemec_ReplicateLayout.replicate_layout 839:Dst fp.id: 'B2CC6598-ED49-44A2-A040-98B9418469C6'
09-21 15:23:20 com_github_MitjaNemec_ReplicateLayout.replicate_layout 895:found match in dst footprint: 'C45'
09-21 15:23:20 com_github_MitjaNemec_ReplicateLayout.replicate_layout 990:Src text UUid:f7934c0e-62dd-4185-8a82-8ea54858fd6b
09-21 15:23:20 com_github_MitjaNemec_ReplicateLayout.replicate_layout 991:Dst text UUid:90ff2744-7af1-4981-857e-b4b3554ac87f
09-21 15:23:20 com_github_MitjaNemec_ReplicateLayout.replicate_layout 990:Src text UUid:f6715954-db00-4d42-aaf3-5b545c246400
09-21 15:23:20 com_github_MitjaNemec_ReplicateLayout.replicate_layout 991:Dst text UUid:42dacb61-6a03-448d-9bee-d07387dc4939
09-21 15:23:20 com_github_MitjaNemec_ReplicateLayout.replicate_layout 990:Src text UUid:96679f63-d4e6-4b9d-bdc9-fbc3fe24ad5c
09-21 15:23:20 com_github_MitjaNemec_ReplicateLayout.replicate_layout 991:Dst text UUid:a20a0202-2690-4126-8eea-c449405c1521
09-21 15:23:20 com_github_MitjaNemec_ReplicateLayout.replicate_layout 888:Replicating footprint: 'C36'
09-21 15:23:20 com_github_MitjaNemec_ReplicateLayout.replicate_layout 835:Src fp.id: 'D0A3D36B-643D-427A-9242-EAF77870E06D'
09-21 15:23:20 com_github_MitjaNemec_ReplicateLayout.replicate_layout 839:Dst fp.id: 'D0A3D36B-643D-427A-9242-EAF77870E06D'
09-21 15:23:20 com_github_MitjaNemec_ReplicateLayout.replicate_layout 895:found match in dst footprint: 'C42'
09-21 15:23:20 com_github_MitjaNemec_ReplicateLayout.replicate_layout 990:Src text UUid:8b720624-ed91-4898-8dde-26d4f19a3fa0
09-21 15:23:20 com_github_MitjaNemec_ReplicateLayout.replicate_layout 991:Dst text UUid:27c37162-4e0b-41e7-8979-b83d82cdd8bb
09-21 15:23:20 com_github_MitjaNemec_ReplicateLayout.replicate_layout 990:Src text UUid:a12b7170-f07f-43dd-b49e-6c2a33337c0c
09-21 15:23:20 com_github_MitjaNemec_ReplicateLayout.replicate_layout 991:Dst text UUid:ce5a30d6-2610-4642-96b0-d37f59b60ac8
09-21 15:23:20 com_github_MitjaNemec_ReplicateLayout.replicate_layout 990:Src text UUid:29141b30-ba09-4157-9fe8-c2309552b58c
09-21 15:23:20 com_github_MitjaNemec_ReplicateLayout.replicate_layout 991:Dst text UUid:803494bc-2528-4f18-8a97-8d4b36b1cf18
09-21 15:23:20 com_github_MitjaNemec_ReplicateLayout.replicate_layout 888:Replicating footprint: 'C34'
09-21 15:23:20 com_github_MitjaNemec_ReplicateLayout.replicate_layout 835:Src fp.id: '3EE4BB1E-791E-4BB9-A303-A69F87470BB4'
09-21 15:23:20 com_github_MitjaNemec_ReplicateLayout.replicate_layout 839:Dst fp.id: '3EE4BB1E-791E-4BB9-A303-A69F87470BB4'
09-21 15:23:20 com_github_MitjaNemec_ReplicateLayout.replicate_layout 895:found match in dst footprint: 'C40'
09-21 15:23:20 com_github_MitjaNemec_ReplicateLayout.replicate_layout 990:Src text UUid:9bb6a33a-807b-4aa5-8c9c-f985743f82b2
09-21 15:23:20 com_github_MitjaNemec_ReplicateLayout.replicate_layout 991:Dst text UUid:617eb963-8cac-4db8-a1e9-adc0c1541d4b
09-21 15:23:20 com_github_MitjaNemec_ReplicateLayout.replicate_layout 990:Src text UUid:ea43b8b5-e318-4eea-b300-eac7ece9d870
09-21 15:23:20 com_github_MitjaNemec_ReplicateLayout.replicate_layout 991:Dst text UUid:f804d994-f306-4fec-84e6-82a642a9a303
09-21 15:23:20 com_github_MitjaNemec_ReplicateLayout.replicate_layout 990:Src text UUid:821ccfe3-7bf1-4404-81ad-041247e27f5f
09-21 15:23:20 com_github_MitjaNemec_ReplicateLayout.replicate_layout 991:Dst text UUid:d74c8adb-e5e5-4de0-ac7f-0c50018c5ce0
09-21 15:23:20 com_github_MitjaNemec_ReplicateLayout.replicate_layout 888:Replicating footprint: 'C35'
09-21 15:23:20 com_github_MitjaNemec_ReplicateLayout.replicate_layout 835:Src fp.id: 'AA9B538A-91DF-4804-AF6C-80D68146A515'
09-21 15:23:20 com_github_MitjaNemec_ReplicateLayout.replicate_layout 839:Dst fp.id: 'AA9B538A-91DF-4804-AF6C-80D68146A515'
09-21 15:23:20 com_github_MitjaNemec_ReplicateLayout.replicate_layout 895:found match in dst footprint: 'C41'
09-21 15:23:20 com_github_MitjaNemec_ReplicateLayout.replicate_layout 990:Src text UUid:c3962c2b-821a-453b-a0ba-0ceb5edf5352
09-21 15:23:20 com_github_MitjaNemec_ReplicateLayout.replicate_layout 991:Dst text UUid:02c6c726-c9d4-4e47-97a5-3f4d933a82a2
09-21 15:23:20 com_github_MitjaNemec_ReplicateLayout.replicate_layout 990:Src text UUid:7b0ccb28-4e54-4cb9-af69-c70d8036f9c7
09-21 15:23:20 com_github_MitjaNemec_ReplicateLayout.replicate_layout 991:Dst text UUid:808f44fb-47e1-4ca0-878b-2852e26e8614
09-21 15:23:20 com_github_MitjaNemec_ReplicateLayout.replicate_layout 990:Src text UUid:b8b32d51-5acf-420e-b199-170506780687
09-21 15:23:20 com_github_MitjaNemec_ReplicateLayout.replicate_layout 991:Dst text UUid:ce2dfdf8-f2f0-443c-ba67-63a97211e907
09-21 15:23:20 com_github_MitjaNemec_ReplicateLayout.replicate_layout 888:Replicating footprint: 'C38'
09-21 15:23:20 com_github_MitjaNemec_ReplicateLayout.replicate_layout 835:Src fp.id: '16D82683-FA2C-4DC0-BF1D-2A1BEFB619A4'
09-21 15:23:20 com_github_MitjaNemec_ReplicateLayout.replicate_layout 839:Dst fp.id: '16D82683-FA2C-4DC0-BF1D-2A1BEFB619A4'
09-21 15:23:20 com_github_MitjaNemec_ReplicateLayout.replicate_layout 895:found match in dst footprint: 'C44'
09-21 15:23:20 com_github_MitjaNemec_ReplicateLayout.replicate_layout 990:Src text UUid:4a3a09b2-94f6-49d6-b7b5-6c615f25386b
09-21 15:23:20 com_github_MitjaNemec_ReplicateLayout.replicate_layout 991:Dst text UUid:00da9efa-80d4-4608-9558-dde001d8d1c5
09-21 15:23:20 com_github_MitjaNemec_ReplicateLayout.replicate_layout 990:Src text UUid:2275143b-5a4d-4c65-81fc-3baa96e93d3e
09-21 15:23:20 com_github_MitjaNemec_ReplicateLayout.replicate_layout 991:Dst text UUid:fd783e98-2211-4e6c-baad-635bac234965
09-21 15:23:20 com_github_MitjaNemec_ReplicateLayout.replicate_layout 990:Src text UUid:5b6401ee-fe34-4db6-9b0f-682a9be6c9a9
09-21 15:23:20 com_github_MitjaNemec_ReplicateLayout.replicate_layout 991:Dst text UUid:5d390664-9788-4598-b6df-5a2e32a83898
09-21 15:23:20 com_github_MitjaNemec_ReplicateLayout.replicate_layout 888:Replicating footprint: 'R12'
09-21 15:23:20 com_github_MitjaNemec_ReplicateLayout.replicate_layout 835:Src fp.id: '739E778E-A7C6-4F7A-B1EB-CD321F618771'
09-21 15:23:20 com_github_MitjaNemec_ReplicateLayout.replicate_layout 839:Dst fp.id: '739E778E-A7C6-4F7A-B1EB-CD321F618771'
09-21 15:23:20 com_github_MitjaNemec_ReplicateLayout.replicate_layout 895:found match in dst footprint: 'R15'
09-21 15:23:20 com_github_MitjaNemec_ReplicateLayout.replicate_layout 990:Src text UUid:828977af-c72a-4933-bc4a-3568eddfd55d
09-21 15:23:20 com_github_MitjaNemec_ReplicateLayout.replicate_layout 991:Dst text UUid:aed8d1e2-4fab-41ad-a4c1-45868d0b31ac
09-21 15:23:20 com_github_MitjaNemec_ReplicateLayout.replicate_layout 990:Src text UUid:e1c36897-c6ec-4655-aa4d-2d077694095d
09-21 15:23:20 com_github_MitjaNemec_ReplicateLayout.replicate_layout 991:Dst text UUid:74794fbc-d343-4313-9386-eec3a0346a2c
09-21 15:23:20 com_github_MitjaNemec_ReplicateLayout.replicate_layout 990:Src text UUid:04a11a24-ec79-4f19-a8be-e910e541b300
09-21 15:23:20 com_github_MitjaNemec_ReplicateLayout.replicate_layout 991:Dst text UUid:f551f6c0-3f86-491e-88df-50eb0a285237
09-21 15:23:20 com_github_MitjaNemec_ReplicateLayout.replicate_layout 888:Replicating footprint: 'R13'
09-21 15:23:20 com_github_MitjaNemec_ReplicateLayout.replicate_layout 835:Src fp.id: '40969C7A-69A8-4FE1-B319-C8DC8934FCC6'
09-21 15:23:20 com_github_MitjaNemec_ReplicateLayout.replicate_layout 839:Dst fp.id: '40969C7A-69A8-4FE1-B319-C8DC8934FCC6'
09-21 15:23:20 com_github_MitjaNemec_ReplicateLayout.replicate_layout 895:found match in dst footprint: 'R16'
09-21 15:23:20 com_github_MitjaNemec_ReplicateLayout.replicate_layout 990:Src text UUid:587d4b76-f637-42a0-b9e1-83ddbb472d2e
09-21 15:23:20 com_github_MitjaNemec_ReplicateLayout.replicate_layout 991:Dst text UUid:7ab09ab8-53e6-414a-960d-e1e9e2eff5b7
09-21 15:23:20 com_github_MitjaNemec_ReplicateLayout.replicate_layout 990:Src text UUid:9a70d330-692d-4c20-b23b-b59a045b8f23
09-21 15:23:20 com_github_MitjaNemec_ReplicateLayout.replicate_layout 991:Dst text UUid:90fa90db-e798-4239-8f9d-c53a8ecc2325
09-21 15:23:20 com_github_MitjaNemec_ReplicateLayout.replicate_layout 990:Src text UUid:9a87b47f-02db-4423-9784-0ae87a9947ed
09-21 15:23:20 com_github_MitjaNemec_ReplicateLayout.replicate_layout 991:Dst text UUid:be620b81-cd8f-4cc1-bfce-84035a890d8d
09-21 15:23:20 com_github_MitjaNemec_ReplicateLayout.replicate_layout 888:Replicating footprint: 'R14'
09-21 15:23:20 com_github_MitjaNemec_ReplicateLayout.replicate_layout 835:Src fp.id: '0EA5E84E-41C5-4F41-B10D-CC62C7E679AE'
09-21 15:23:20 com_github_MitjaNemec_ReplicateLayout.replicate_layout 839:Dst fp.id: '0EA5E84E-41C5-4F41-B10D-CC62C7E679AE'
09-21 15:23:20 com_github_MitjaNemec_ReplicateLayout.replicate_layout 895:found match in dst footprint: 'R17'
09-21 15:23:20 com_github_MitjaNemec_ReplicateLayout.replicate_layout 990:Src text UUid:9ff88b02-d287-43c3-8031-cfb5d453c9be
09-21 15:23:20 com_github_MitjaNemec_ReplicateLayout.replicate_layout 991:Dst text UUid:87a99753-76dd-428b-ab6f-e26735b3cae0
09-21 15:23:20 com_github_MitjaNemec_ReplicateLayout.replicate_layout 990:Src text UUid:e381065a-8213-4704-b9c0-17544d909a1d
09-21 15:23:20 com_github_MitjaNemec_ReplicateLayout.replicate_layout 991:Dst text UUid:57a2a217-5dc3-4d88-ab9c-205017f8d3c3
09-21 15:23:20 com_github_MitjaNemec_ReplicateLayout.replicate_layout 990:Src text UUid:103e21fd-bc6e-46d8-b1c7-51df7989a11a
09-21 15:23:20 com_github_MitjaNemec_ReplicateLayout.replicate_layout 991:Dst text UUid:67eb652c-a0bc-491c-a046-9e06a714976e
09-21 15:23:20 com_github_MitjaNemec_ReplicateLayout.replicate_layout 888:Replicating footprint: 'TP1'
09-21 15:23:20 com_github_MitjaNemec_ReplicateLayout.replicate_layout 835:Src fp.id: '7753F5A6-A36B-4145-9459-873A1AFFD8C3'
09-21 15:23:20 com_github_MitjaNemec_ReplicateLayout.replicate_layout 839:Dst fp.id: '7753F5A6-A36B-4145-9459-873A1AFFD8C3'
09-21 15:23:20 com_github_MitjaNemec_ReplicateLayout.replicate_layout 895:found match in dst footprint: 'TP6'
09-21 15:23:20 com_github_MitjaNemec_ReplicateLayout.replicate_layout 990:Src text UUid:6ea43140-5b8b-44e8-812e-c1ecbdbe2010
09-21 15:23:20 com_github_MitjaNemec_ReplicateLayout.replicate_layout 991:Dst text UUid:b777c254-3d8d-4b91-a08a-954afb9e7537
09-21 15:23:20 com_github_MitjaNemec_ReplicateLayout.replicate_layout 990:Src text UUid:1dc8b818-33e3-4d46-80e5-29f8761ec603
09-21 15:23:20 com_github_MitjaNemec_ReplicateLayout.replicate_layout 991:Dst text UUid:58cdb125-84b7-4fed-982b-6ef3c54779f4
09-21 15:23:20 com_github_MitjaNemec_ReplicateLayout.replicate_layout 990:Src text UUid:7fd2ec15-f834-4c21-9113-aa894fae7fa4
09-21 15:23:20 com_github_MitjaNemec_ReplicateLayout.replicate_layout 991:Dst text UUid:4c23aaae-38b0-4f73-a274-04d6bf002fad
09-21 15:23:20 com_github_MitjaNemec_ReplicateLayout.replicate_layout 888:Replicating footprint: 'TP2'
09-21 15:23:20 com_github_MitjaNemec_ReplicateLayout.replicate_layout 835:Src fp.id: '069B23DB-C388-4E3A-ADBD-1CF488370327'
09-21 15:23:20 com_github_MitjaNemec_ReplicateLayout.replicate_layout 839:Dst fp.id: '069B23DB-C388-4E3A-ADBD-1CF488370327'
09-21 15:23:20 com_github_MitjaNemec_ReplicateLayout.replicate_layout 895:found match in dst footprint: 'TP7'
09-21 15:23:20 com_github_MitjaNemec_ReplicateLayout.replicate_layout 990:Src text UUid:b4f3c6a0-b1d7-4916-868b-03ab0312f06b
09-21 15:23:20 com_github_MitjaNemec_ReplicateLayout.replicate_layout 991:Dst text UUid:2c653a47-a3ac-496f-ae9a-95bbd4bc58fd
09-21 15:23:20 com_github_MitjaNemec_ReplicateLayout.replicate_layout 990:Src text UUid:c076155b-e790-4908-b1d9-ca34331d4319
09-21 15:23:20 com_github_MitjaNemec_ReplicateLayout.replicate_layout 991:Dst text UUid:6fb6e722-0fc9-444b-ac24-ff15d27fc49b
09-21 15:23:20 com_github_MitjaNemec_ReplicateLayout.replicate_layout 990:Src text UUid:d0186b8b-6cf7-4560-95c5-9dac2899ed4c
09-21 15:23:20 com_github_MitjaNemec_ReplicateLayout.replicate_layout 991:Dst text UUid:0d9b80b6-8231-4ab7-b6ca-3f90eef1c3d0
09-21 15:23:20 com_github_MitjaNemec_ReplicateLayout.replicate_layout 888:Replicating footprint: 'TP3'
09-21 15:23:20 com_github_MitjaNemec_ReplicateLayout.replicate_layout 835:Src fp.id: '1FDAA684-C56B-4C8C-826C-96DF9880168B'
09-21 15:23:20 com_github_MitjaNemec_ReplicateLayout.replicate_layout 839:Dst fp.id: '1FDAA684-C56B-4C8C-826C-96DF9880168B'
09-21 15:23:20 com_github_MitjaNemec_ReplicateLayout.replicate_layout 895:found match in dst footprint: 'TP8'
09-21 15:23:20 com_github_MitjaNemec_ReplicateLayout.replicate_layout 990:Src text UUid:c0c8fcca-1803-4ad3-8d04-ca014e8e98cc
09-21 15:23:20 com_github_MitjaNemec_ReplicateLayout.replicate_layout 991:Dst text UUid:ff95a63f-cdec-4227-9fac-bb613d5452cb
09-21 15:23:20 com_github_MitjaNemec_ReplicateLayout.replicate_layout 990:Src text UUid:5c270c62-1e02-4a24-a2d9-0b6b0fe764aa
09-21 15:23:20 com_github_MitjaNemec_ReplicateLayout.replicate_layout 991:Dst text UUid:10b685b1-42a8-4cbc-a96e-589b63b95d20
09-21 15:23:20 com_github_MitjaNemec_ReplicateLayout.replicate_layout 990:Src text UUid:b961e4d8-e596-461f-9dbb-8524307f0324
09-21 15:23:20 com_github_MitjaNemec_ReplicateLayout.replicate_layout 991:Dst text UUid:085f1ef3-ff87-44f4-8dfa-2cb6daeacd21
09-21 15:23:20 com_github_MitjaNemec_ReplicateLayout.replicate_layout 888:Replicating footprint: 'TP4'
09-21 15:23:20 com_github_MitjaNemec_ReplicateLayout.replicate_layout 835:Src fp.id: '84DE68DC-356F-47DF-834C-7AF54A47E41A'
09-21 15:23:20 com_github_MitjaNemec_ReplicateLayout.replicate_layout 839:Dst fp.id: '84DE68DC-356F-47DF-834C-7AF54A47E41A'
09-21 15:23:20 com_github_MitjaNemec_ReplicateLayout.replicate_layout 895:found match in dst footprint: 'TP9'
09-21 15:23:20 com_github_MitjaNemec_ReplicateLayout.replicate_layout 990:Src text UUid:f621b292-9423-4a2c-a81f-abd1dcd50619
09-21 15:23:20 com_github_MitjaNemec_ReplicateLayout.replicate_layout 991:Dst text UUid:47f0e2be-76e2-4730-b5e3-45ce2a018f92
09-21 15:23:20 com_github_MitjaNemec_ReplicateLayout.replicate_layout 990:Src text UUid:78e8ecdf-6211-4957-9015-a39ce7dc54c4
09-21 15:23:20 com_github_MitjaNemec_ReplicateLayout.replicate_layout 991:Dst text UUid:b15dcaf4-8aed-4f60-a5d2-edc6982af074
09-21 15:23:20 com_github_MitjaNemec_ReplicateLayout.replicate_layout 990:Src text UUid:adfecb0f-ca2c-4989-9388-2e7711d5e83a
09-21 15:23:20 com_github_MitjaNemec_ReplicateLayout.replicate_layout 991:Dst text UUid:7fbd3af6-6520-4546-b43b-44b841287fcd
09-21 15:23:20 com_github_MitjaNemec_ReplicateLayout.replicate_layout 888:Replicating footprint: 'TP5'
09-21 15:23:20 com_github_MitjaNemec_ReplicateLayout.replicate_layout 835:Src fp.id: '9FB4DB63-FC89-4786-BCDE-5506A2B707EB'
09-21 15:23:20 com_github_MitjaNemec_ReplicateLayout.replicate_layout 839:Dst fp.id: '9FB4DB63-FC89-4786-BCDE-5506A2B707EB'
09-21 15:23:20 com_github_MitjaNemec_ReplicateLayout.replicate_layout 895:found match in dst footprint: 'TP10'
09-21 15:23:20 com_github_MitjaNemec_ReplicateLayout.replicate_layout 990:Src text UUid:d2a53eb9-b04b-443c-8597-c3cf0c2ee42f
09-21 15:23:20 com_github_MitjaNemec_ReplicateLayout.replicate_layout 991:Dst text UUid:65c29236-f84b-4e44-9a76-a0118454296c
09-21 15:23:20 com_github_MitjaNemec_ReplicateLayout.replicate_layout 990:Src text UUid:53c1b7d4-49c7-4702-84d1-b5ab36cd23bb
09-21 15:23:20 com_github_MitjaNemec_ReplicateLayout.replicate_layout 991:Dst text UUid:06c6f3c2-a74b-4084-bc33-5574e61c865f
09-21 15:23:20 com_github_MitjaNemec_ReplicateLayout.replicate_layout 990:Src text UUid:6510dd8e-6feb-44de-bf64-1f3273d46fb4
09-21 15:23:20 com_github_MitjaNemec_ReplicateLayout.replicate_layout 991:Dst text UUid:9c9c0a9e-7b0b-4855-b1ee-11a5e53a5ac3
09-21 15:23:20 com_github_MitjaNemec_ReplicateLayout.replicate_layout 888:Replicating footprint: 'C37'
09-21 15:23:20 com_github_MitjaNemec_ReplicateLayout.replicate_layout 835:Src fp.id: '0AC02172-A094-44E4-A1E2-E280EDFD0D4A'
09-21 15:23:20 com_github_MitjaNemec_ReplicateLayout.replicate_layout 839:Dst fp.id: '0AC02172-A094-44E4-A1E2-E280EDFD0D4A'
09-21 15:23:20 com_github_MitjaNemec_ReplicateLayout.replicate_layout 895:found match in dst footprint: 'C43'
09-21 15:23:20 com_github_MitjaNemec_ReplicateLayout.replicate_layout 990:Src text UUid:2f4e6e4f-3495-42c7-95e3-c9706c934457
09-21 15:23:20 com_github_MitjaNemec_ReplicateLayout.replicate_layout 991:Dst text UUid:9b3883f3-5a5a-4f74-bbc1-4cbc6bcbbd93
09-21 15:23:20 com_github_MitjaNemec_ReplicateLayout.replicate_layout 990:Src text UUid:fe3471ba-14df-4a83-ac5c-29f0054023b5
09-21 15:23:20 com_github_MitjaNemec_ReplicateLayout.replicate_layout 991:Dst text UUid:04c869a7-c302-4949-81ce-9ad02303dd4f
09-21 15:23:20 com_github_MitjaNemec_ReplicateLayout.replicate_layout 990:Src text UUid:80fa5244-80f8-415b-9d6c-a39c11bd67b0
09-21 15:23:20 com_github_MitjaNemec_ReplicateLayout.replicate_layout 991:Dst text UUid:1516c96c-7573-40f3-903f-dd00c9ff524b
09-21 15:23:20 root 340:updating GUI message: 'Replicating tracks'
09-21 15:23:20 com_github_MitjaNemec_ReplicateLayout.replicate_layout 1014:Replicating tracks
09-21 15:23:20 root 345:updating GUI with: 0
09-21 15:23:20 com_github_MitjaNemec_ReplicateLayout.replicate_layout 1020:Replicating tracks on sheet ['/TwoIsolatedFETs0/', '/TwoIsolatedFETs0/HBridge_A/']
09-21 15:23:20 com_github_MitjaNemec_ReplicateLayout.replicate_layout 835:Src fp.id: '06273584-2E07-44EE-9E55-15B43BC1867C'
09-21 15:23:20 com_github_MitjaNemec_ReplicateLayout.replicate_layout 839:Dst fp.id: '06273584-2E07-44EE-9E55-15B43BC1867C'
09-21 15:23:20 com_github_MitjaNemec_ReplicateLayout.replicate_layout 792:Net pairs for sheet ['/TwoIsolatedFETs0/', '/TwoIsolatedFETs0/HBridge_A/'] :[('/TwoIsolatedFETs1/OUTPUT_B', '/TwoIsolatedFETs0/OUTPUT_B'), ('/TwoIsolatedFETs1/HBridge_A/PWM_1', '/TwoIsolatedFETs0/HBridge_A/PWM_1'), ('/Isolators/PWR_SPI_CS3', '/Isolators/PWR_SPI_CS1'), ('/Isolators/PWR_SPI_MISO', '/Isolators/PWR_SPI_MISO'), ('GND2', 'GND2'), ('Net-(U11-nSLEEP)', 'Net-(U20-nSLEEP)'), ('/Isolators/PWR_SPI_CLK', '/Isolators/PWR_SPI_CLK'), ('Net-(D6-A)', 'Net-(D14-A)'), ('/TwoIsolatedFETs1/HBridge_A/DRV_nFAULT', '/TwoIsolatedFETs0/HBridge_A/DRV_nFAULT'), ('/Isolators/PWR_SPI_MOSI', '/Isolators/PWR_SPI_MOSI'), ('/TwoIsolatedFETs1/HBridge_A/DRV_ISENSE', '/TwoIsolatedFETs0/HBridge_A/DRV_ISENSE'), ('/TwoIsolatedFETs1/OUTPUT_A', '/TwoIsolatedFETs0/OUTPUT_A'), ('/TwoIsolatedFETs1/HBridge_A/PWM_2', '/TwoIsolatedFETs0/HBridge_A/PWM_2'), ('+VDC', '+VDC'), ('/Isolators/PWR_PWM_C_OFF', '/Isolators/PWR_PWM_A_OFF'), ('+3.3VP', '+3.3VP')]
09-21 15:23:20 com_github_MitjaNemec_ReplicateLayout.replicate_layout 1020:Replicating tracks on sheet ['/TwoIsolatedFETs0/', '/TwoIsolatedFETs1/HBridge_B/']
09-21 15:23:20 com_github_MitjaNemec_ReplicateLayout.replicate_layout 835:Src fp.id: '06273584-2E07-44EE-9E55-15B43BC1867C'
09-21 15:23:20 com_github_MitjaNemec_ReplicateLayout.replicate_layout 839:Dst fp.id: '06273584-2E07-44EE-9E55-15B43BC1867C'
09-21 15:23:20 com_github_MitjaNemec_ReplicateLayout.replicate_layout 792:Net pairs for sheet ['/TwoIsolatedFETs0/', '/TwoIsolatedFETs1/HBridge_B/'] :[('Net-(U11-nSLEEP)', 'Net-(U21-nSLEEP)'), ('/TwoIsolatedFETs1/OUTPUT_A', '/TwoIsolatedFETs0/OUTPUT_C'), ('Net-(D6-A)', 'Net-(D15-A)'), ('/Isolators/PWR_SPI_CS3', '/Isolators/PWR_SPI_CS2'), ('/TwoIsolatedFETs1/HBridge_A/PWM_2', '/TwoIsolatedFETs0/HBridge_B/PWM_2'), ('/Isolators/PWR_PWM_C_OFF', '/Isolators/PWR_PWM_B_OFF'), ('/TwoIsolatedFETs1/HBridge_A/PWM_1', '/TwoIsolatedFETs0/HBridge_B/PWM_1'), ('/Isolators/PWR_SPI_MISO', '/Isolators/PWR_SPI_MISO'), ('GND2', 'GND2'), ('/TwoIsolatedFETs1/HBridge_A/DRV_nFAULT', '/TwoIsolatedFETs0/HBridge_B/DRV_nFAULT'), ('/TwoIsolatedFETs1/HBridge_A/DRV_ISENSE', '/TwoIsolatedFETs0/HBridge_B/DRV_ISENSE'), ('/Isolators/PWR_SPI_CLK', '/Isolators/PWR_SPI_CLK'), ('/Isolators/PWR_SPI_MOSI', '/Isolators/PWR_SPI_MOSI'), ('+VDC', '+VDC'), ('/TwoIsolatedFETs1/OUTPUT_B', '/TwoIsolatedFETs0/OUTPUT_D'), ('+3.3VP', '+3.3VP')]
09-21 15:23:20 com_github_MitjaNemec_ReplicateLayout.replicate_layout 1020:Replicating tracks on sheet ['/TwoIsolatedFETs1/', '/TwoIsolatedFETs1/HBridge_B/']
09-21 15:23:20 com_github_MitjaNemec_ReplicateLayout.replicate_layout 835:Src fp.id: '06273584-2E07-44EE-9E55-15B43BC1867C'
09-21 15:23:20 com_github_MitjaNemec_ReplicateLayout.replicate_layout 839:Dst fp.id: '06273584-2E07-44EE-9E55-15B43BC1867C'
09-21 15:23:20 com_github_MitjaNemec_ReplicateLayout.replicate_layout 792:Net pairs for sheet ['/TwoIsolatedFETs1/', '/TwoIsolatedFETs1/HBridge_B/'] :[('/TwoIsolatedFETs1/HBridge_A/DRV_nFAULT', '/TwoIsolatedFETs1/HBridge_B/DRV_nFAULT'), ('/TwoIsolatedFETs1/OUTPUT_B', '/TwoIsolatedFETs1/OUTPUT_D'), ('/Isolators/PWR_SPI_MOSI', '/Isolators/PWR_SPI_MOSI'), ('Net-(U11-nSLEEP)', 'Net-(U12-nSLEEP)'), ('/Isolators/PWR_SPI_MISO', '/Isolators/PWR_SPI_MISO'), ('GND2', 'GND2'), ('/TwoIsolatedFETs1/OUTPUT_A', '/TwoIsolatedFETs1/OUTPUT_C'), ('/TwoIsolatedFETs1/HBridge_A/DRV_ISENSE', '/TwoIsolatedFETs1/HBridge_B/DRV_ISENSE'), ('/Isolators/PWR_PWM_C_OFF', '/Isolators/PWR_PWM_D_OFF'), ('/TwoIsolatedFETs1/HBridge_A/PWM_2', '/TwoIsolatedFETs1/HBridge_B/PWM_2'), ('/TwoIsolatedFETs1/HBridge_A/PWM_1', '/TwoIsolatedFETs1/HBridge_B/PWM_1'), ('/Isolators/PWR_SPI_CLK', '/Isolators/PWR_SPI_CLK'), ('/Isolators/PWR_SPI_CS3', '/Isolators/PWR_SPI_CS4'), ('Net-(D6-A)', 'Net-(D7-A)'), ('+VDC', '+VDC'), ('+3.3VP', '+3.3VP')]
09-21 15:23:20 root 340:updating GUI message: 'Replicating zones'
09-21 15:23:20 com_github_MitjaNemec_ReplicateLayout.replicate_layout 1084:Replicating zones
09-21 15:23:20 root 345:updating GUI with: 0
09-21 15:23:20 com_github_MitjaNemec_ReplicateLayout.replicate_layout 1091:Replicating zones on sheet ['/TwoIsolatedFETs0/', '/TwoIsolatedFETs0/HBridge_A/']
09-21 15:23:20 com_github_MitjaNemec_ReplicateLayout.replicate_layout 835:Src fp.id: '06273584-2E07-44EE-9E55-15B43BC1867C'
09-21 15:23:20 com_github_MitjaNemec_ReplicateLayout.replicate_layout 839:Dst fp.id: '06273584-2E07-44EE-9E55-15B43BC1867C'
09-21 15:23:20 com_github_MitjaNemec_ReplicateLayout.replicate_layout 792:Net pairs for sheet ['/TwoIsolatedFETs0/', '/TwoIsolatedFETs0/HBridge_A/'] :[('/TwoIsolatedFETs1/OUTPUT_B', '/TwoIsolatedFETs0/OUTPUT_B'), ('/TwoIsolatedFETs1/HBridge_A/PWM_1', '/TwoIsolatedFETs0/HBridge_A/PWM_1'), ('/Isolators/PWR_SPI_CS3', '/Isolators/PWR_SPI_CS1'), ('/Isolators/PWR_SPI_MISO', '/Isolators/PWR_SPI_MISO'), ('GND2', 'GND2'), ('Net-(U11-nSLEEP)', 'Net-(U20-nSLEEP)'), ('/Isolators/PWR_SPI_CLK', '/Isolators/PWR_SPI_CLK'), ('Net-(D6-A)', 'Net-(D14-A)'), ('/TwoIsolatedFETs1/HBridge_A/DRV_nFAULT', '/TwoIsolatedFETs0/HBridge_A/DRV_nFAULT'), ('/Isolators/PWR_SPI_MOSI', '/Isolators/PWR_SPI_MOSI'), ('/TwoIsolatedFETs1/HBridge_A/DRV_ISENSE', '/TwoIsolatedFETs0/HBridge_A/DRV_ISENSE'), ('/TwoIsolatedFETs1/OUTPUT_A', '/TwoIsolatedFETs0/OUTPUT_A'), ('/TwoIsolatedFETs1/HBridge_A/PWM_2', '/TwoIsolatedFETs0/HBridge_A/PWM_2'), ('+VDC', '+VDC'), ('/Isolators/PWR_PWM_C_OFF', '/Isolators/PWR_PWM_A_OFF'), ('+3.3VP', '+3.3VP')]
09-21 15:23:20 com_github_MitjaNemec_ReplicateLayout.replicate_layout 1091:Replicating zones on sheet ['/TwoIsolatedFETs0/', '/TwoIsolatedFETs1/HBridge_B/']
09-21 15:23:20 com_github_MitjaNemec_ReplicateLayout.replicate_layout 835:Src fp.id: '06273584-2E07-44EE-9E55-15B43BC1867C'
09-21 15:23:20 com_github_MitjaNemec_ReplicateLayout.replicate_layout 839:Dst fp.id: '06273584-2E07-44EE-9E55-15B43BC1867C'
09-21 15:23:20 com_github_MitjaNemec_ReplicateLayout.replicate_layout 792:Net pairs for sheet ['/TwoIsolatedFETs0/', '/TwoIsolatedFETs1/HBridge_B/'] :[('Net-(U11-nSLEEP)', 'Net-(U21-nSLEEP)'), ('/TwoIsolatedFETs1/OUTPUT_A', '/TwoIsolatedFETs0/OUTPUT_C'), ('Net-(D6-A)', 'Net-(D15-A)'), ('/Isolators/PWR_SPI_CS3', '/Isolators/PWR_SPI_CS2'), ('/TwoIsolatedFETs1/HBridge_A/PWM_2', '/TwoIsolatedFETs0/HBridge_B/PWM_2'), ('/Isolators/PWR_PWM_C_OFF', '/Isolators/PWR_PWM_B_OFF'), ('/TwoIsolatedFETs1/HBridge_A/PWM_1', '/TwoIsolatedFETs0/HBridge_B/PWM_1'), ('/Isolators/PWR_SPI_MISO', '/Isolators/PWR_SPI_MISO'), ('GND2', 'GND2'), ('/TwoIsolatedFETs1/HBridge_A/DRV_nFAULT', '/TwoIsolatedFETs0/HBridge_B/DRV_nFAULT'), ('/TwoIsolatedFETs1/HBridge_A/DRV_ISENSE', '/TwoIsolatedFETs0/HBridge_B/DRV_ISENSE'), ('/Isolators/PWR_SPI_CLK', '/Isolators/PWR_SPI_CLK'), ('/Isolators/PWR_SPI_MOSI', '/Isolators/PWR_SPI_MOSI'), ('+VDC', '+VDC'), ('/TwoIsolatedFETs1/OUTPUT_B', '/TwoIsolatedFETs0/OUTPUT_D'), ('+3.3VP', '+3.3VP')]
09-21 15:23:20 com_github_MitjaNemec_ReplicateLayout.replicate_layout 1091:Replicating zones on sheet ['/TwoIsolatedFETs1/', '/TwoIsolatedFETs1/HBridge_B/']
09-21 15:23:20 com_github_MitjaNemec_ReplicateLayout.replicate_layout 835:Src fp.id: '06273584-2E07-44EE-9E55-15B43BC1867C'
09-21 15:23:20 com_github_MitjaNemec_ReplicateLayout.replicate_layout 839:Dst fp.id: '06273584-2E07-44EE-9E55-15B43BC1867C'
09-21 15:23:20 com_github_MitjaNemec_ReplicateLayout.replicate_layout 792:Net pairs for sheet ['/TwoIsolatedFETs1/', '/TwoIsolatedFETs1/HBridge_B/'] :[('/TwoIsolatedFETs1/HBridge_A/DRV_nFAULT', '/TwoIsolatedFETs1/HBridge_B/DRV_nFAULT'), ('/TwoIsolatedFETs1/OUTPUT_B', '/TwoIsolatedFETs1/OUTPUT_D'), ('/Isolators/PWR_SPI_MOSI', '/Isolators/PWR_SPI_MOSI'), ('Net-(U11-nSLEEP)', 'Net-(U12-nSLEEP)'), ('/Isolators/PWR_SPI_MISO', '/Isolators/PWR_SPI_MISO'), ('GND2', 'GND2'), ('/TwoIsolatedFETs1/OUTPUT_A', '/TwoIsolatedFETs1/OUTPUT_C'), ('/TwoIsolatedFETs1/HBridge_A/DRV_ISENSE', '/TwoIsolatedFETs1/HBridge_B/DRV_ISENSE'), ('/Isolators/PWR_PWM_C_OFF', '/Isolators/PWR_PWM_D_OFF'), ('/TwoIsolatedFETs1/HBridge_A/PWM_2', '/TwoIsolatedFETs1/HBridge_B/PWM_2'), ('/TwoIsolatedFETs1/HBridge_A/PWM_1', '/TwoIsolatedFETs1/HBridge_B/PWM_1'), ('/Isolators/PWR_SPI_CLK', '/Isolators/PWR_SPI_CLK'), ('/Isolators/PWR_SPI_CS3', '/Isolators/PWR_SPI_CS4'), ('Net-(D6-A)', 'Net-(D7-A)'), ('+VDC', '+VDC'), ('+3.3VP', '+3.3VP')]
09-21 15:23:20 root 340:updating GUI message: 'Replicating text'
09-21 15:23:20 com_github_MitjaNemec_ReplicateLayout.replicate_layout 1173:Replicating text
09-21 15:23:20 root 345:updating GUI with: 0
09-21 15:23:20 com_github_MitjaNemec_ReplicateLayout.replicate_layout 1180:Replicating text on sheet ['/TwoIsolatedFETs0/', '/TwoIsolatedFETs0/HBridge_A/']
09-21 15:23:20 com_github_MitjaNemec_ReplicateLayout.replicate_layout 835:Src fp.id: '06273584-2E07-44EE-9E55-15B43BC1867C'
09-21 15:23:20 com_github_MitjaNemec_ReplicateLayout.replicate_layout 839:Dst fp.id: '06273584-2E07-44EE-9E55-15B43BC1867C'
09-21 15:23:20 com_github_MitjaNemec_ReplicateLayout.replicate_layout 1180:Replicating text on sheet ['/TwoIsolatedFETs0/', '/TwoIsolatedFETs1/HBridge_B/']
09-21 15:23:20 com_github_MitjaNemec_ReplicateLayout.replicate_layout 835:Src fp.id: '06273584-2E07-44EE-9E55-15B43BC1867C'
09-21 15:23:20 com_github_MitjaNemec_ReplicateLayout.replicate_layout 839:Dst fp.id: '06273584-2E07-44EE-9E55-15B43BC1867C'
09-21 15:23:20 com_github_MitjaNemec_ReplicateLayout.replicate_layout 1180:Replicating text on sheet ['/TwoIsolatedFETs1/', '/TwoIsolatedFETs1/HBridge_B/']
09-21 15:23:20 com_github_MitjaNemec_ReplicateLayout.replicate_layout 835:Src fp.id: '06273584-2E07-44EE-9E55-15B43BC1867C'
09-21 15:23:20 com_github_MitjaNemec_ReplicateLayout.replicate_layout 839:Dst fp.id: '06273584-2E07-44EE-9E55-15B43BC1867C'
09-21 15:23:20 root 340:updating GUI message: 'Replicating drawings'
09-21 15:23:20 com_github_MitjaNemec_ReplicateLayout.replicate_layout 1224:Replicating drawings
09-21 15:23:20 com_github_MitjaNemec_ReplicateLayout.replicate_layout 1230:Replicating drawings on sheet ['/TwoIsolatedFETs0/', '/TwoIsolatedFETs0/HBridge_A/']
09-21 15:23:20 com_github_MitjaNemec_ReplicateLayout.replicate_layout 835:Src fp.id: '06273584-2E07-44EE-9E55-15B43BC1867C'
09-21 15:23:20 com_github_MitjaNemec_ReplicateLayout.replicate_layout 839:Dst fp.id: '06273584-2E07-44EE-9E55-15B43BC1867C'
09-21 15:23:20 com_github_MitjaNemec_ReplicateLayout.replicate_layout 1230:Replicating drawings on sheet ['/TwoIsolatedFETs0/', '/TwoIsolatedFETs1/HBridge_B/']
09-21 15:23:20 com_github_MitjaNemec_ReplicateLayout.replicate_layout 835:Src fp.id: '06273584-2E07-44EE-9E55-15B43BC1867C'
09-21 15:23:20 com_github_MitjaNemec_ReplicateLayout.replicate_layout 839:Dst fp.id: '06273584-2E07-44EE-9E55-15B43BC1867C'
09-21 15:23:20 com_github_MitjaNemec_ReplicateLayout.replicate_layout 1230:Replicating drawings on sheet ['/TwoIsolatedFETs1/', '/TwoIsolatedFETs1/HBridge_B/']
09-21 15:23:20 com_github_MitjaNemec_ReplicateLayout.replicate_layout 835:Src fp.id: '06273584-2E07-44EE-9E55-15B43BC1867C'
09-21 15:23:20 com_github_MitjaNemec_ReplicateLayout.replicate_layout 839:Dst fp.id: '06273584-2E07-44EE-9E55-15B43BC1867C'
09-21 15:23:20 com_github_MitjaNemec_ReplicateLayout.action_replicate_layout 264:Replication complete
